$02MWV,327.6,R,1.89,N*62
$24HDG,182.1,00.0,E,00.0,E*45
$04HDM,186.5,M*2C
$24MWV,88.8,R,0.36,N*5B
$04HDM,186.5,M*2C
$24HDG,182.1,00.0,E,00.0,E*45
$02MWV,322.9,R,1.89,N*68
$04HDM,186.5,M*2C
$04HDM,186.5,M*2C
$23DBS,01.9,f,0.58,M,00.3,F*21
$02MWV,317.8,R,1.89,N*6F
$24HDG,182.1,00.0,E,00.0,E*45
$04HDM,186.5,M*2C
$04HDM,186.5,M*2C
$24HDG,182.1,00.0,E,00.0,E*45
$04HDM,186.5,M*2C
$02MWV,313.9,R,1.89,N*6A
$04HDM,186.5,M*2C
$24HDG,182.1,00.0,E,00.0,E*45
$04HDM,186.5,M*2C
$02MWV,311.7,R,1.89,N*66
$04HDM,186.5,M*2C
$24HDG,182.1,00.0,E,00.0,E*45
$04HDM,186.5,M*2C
$02MWV,311.0,R,1.89,N*61
$05DBT,01.6,f,0.50,M,00.3,F*25
$24MWV,88.8,R,0.41,N*5B
$04HDM,186.5,M*2C
$24HDG,182.1,00.0,E,00.0,E*45
$04HDM,186.5,M*2C
$02MWV,311.1,R,1.89,N*60
$04HDM,186.5,M*2C
$24HDG,182.1,00.0,E,00.0,E*45
$04HDM,186.5,M*2C
$04HDM,186.5,M*2C
$02MWV,312.7,R,1.89,N*65
$24HDG,182.1,00.0,E,00.0,E*45
$04HDM,186.5,M*2C
$04HDM,186.5,M*2C
$02MWV,314.3,R,1.89,N*67
$24HDG,182.1,00.0,E,00.0,E*45
$04HDM,186.5,M*2C
$04HDM,186.5,M*2C
$02MWV,315.0,R,1.89,N*65
$24HDG,182.0,00.0,E,00.0,E*44
$04HDM,186.5,M*2C
$24MWV,88.8,R,0.36,N*5B
$04HDM,186.5,M*2C
$02MWV,314.5,R,1.89,N*61
$24HDG,182.0,00.0,E,00.0,E*44
$04HDM,186.5,M*2C
$04HDM,186.5,M*2C
$23DBS,01.9,f,0.58,M,00.3,F*21
$02MWV,313.2,R,1.89,N*61
$24HDG,182.0,00.0,E,00.0,E*44
$04HDM,186.5,M*2C
$02MWV,312.4,R,1.89,N*66
$04HDM,186.5,M*2C
$24HDG,182.0,00.0,E,00.0,E*44
$04HDM,186.5,M*2C
$02MWV,311.7,R,1.89,N*66
$04HDM,186.5,M*2C
$24HDG,182.0,00.0,E,00.0,E*44
$04HDM,186.5,M*2C
$04HDM,186.4,M*2D
$02MWV,311.4,R,1.89,N*65
$24HDG,182.0,00.0,E,00.0,E*44
$04HDM,186.5,M*2C
$05DBT,01.6,f,0.50,M,00.3,F*25
$24MWV,88.8,R,0.36,N*5B
$04HDM,186.4,M*2D
$02MWV,311.7,R,1.89,N*66
$24HDG,182.0,00.0,E,00.0,E*44
$04HDM,186.5,M*2C
$04HDM,186.4,M*2D
$24HDG,182.0,00.0,E,00.0,E*44
$04HDM,186.5,M*2C
$02MWV,311.7,R,1.89,N*66
$04HDM,186.4,M*2D
$24HDG,182.0,00.0,E,00.0,E*44
$04HDM,186.4,M*2D
$02MWV,312.5,R,1.89,N*67
$04HDM,186.4,M*2D
$24HDG,182.0,00.0,E,00.0,E*44
$04HDM,186.4,M*2D
$04HDM,186.4,M*2D
$02MWV,313.0,R,1.89,N*63
$24HDG,182.0,00.0,E,00.0,E*44
$04HDM,186.4,M*2D
$24MWV,77.4,R,0.36,N*57
$04HDM,186.4,M*2D
$02MWV,312.6,R,1.89,N*64
$24HDG,182.0,00.0,E,00.0,E*44
$04HDM,186.4,M*2D
$04HDM,186.4,M*2D
$23DBS,01.9,f,0.58,M,00.3,F*21
$02MWV,312.6,R,1.89,N*64
$24HDG,182.0,00.0,E,00.0,E*44
$04HDM,186.5,M*2C
$04HDM,186.5,M*2C
$02MWV,312.5,R,1.89,N*67
$24HDG,182.0,00.0,E,00.0,E*44
$04HDM,186.5,M*2C
$04HDM,186.5,M*2C
$02MWV,312.7,R,1.89,N*65
$24HDG,182.0,00.0,E,00.0,E*44
$04HDM,186.4,M*2D
$04HDM,186.4,M*2D
$02MWV,310.8,R,2.38,N*61
$24HDG,182.0,00.0,E,00.0,E*44
$04HDM,186.4,M*2D
$05DBT,01.6,f,0.50,M,00.3,F*25
$24MWV,78.8,R,0.36,N*54
$04HDM,186.4,M*2D
$02MWV,309.9,R,2.38,N*68
$24HDG,182.0,00.0,E,00.0,E*44
$04HDM,186.4,M*2D
$04HDM,186.5,M*2C
$24HDG,182.0,00.0,E,00.0,E*44
$04HDM,186.5,M*2C
$02MWV,307.9,R,2.38,N*66
$04HDM,186.5,M*2C
$02MWV,307.2,R,2.38,N*6D
$24HDG,182.0,00.0,E,00.0,E*44
$04HDM,186.5,M*2C
$04HDM,186.5,M*2C
$24HDG,182.0,00.0,E,00.0,E*44
$04HDM,186.4,M*2D
$02MWV,308.1,R,2.38,N*61
$04HDM,186.5,M*2C
$24HDG,182.0,00.0,E,00.0,E*44
$04HDM,186.4,M*2D
$02MWV,307.9,R,2.38,N*66
$24MWV,70.6,R,0.36,N*52
$04HDM,186.5,M*2C
$24HDG,182.0,00.0,E,00.0,E*44
$04HDM,186.4,M*2D
$02MWV,307.8,R,2.38,N*67
$04HDM,186.4,M*2D
$23DBS,01.9,f,0.58,M,00.3,F*21
$24HDG,182.0,00.0,E,00.0,E*44
$04HDM,186.4,M*2D
$02MWV,306.5,R,1.89,N*62
$04HDM,186.4,M*2D
$24HDG,182.0,00.0,E,00.0,E*44
$04HDM,186.4,M*2D
$02MWV,305.4,R,1.89,N*60
$04HDM,186.4,M*2D
$24HDG,182.0,00.0,E,00.0,E*44
$04HDM,186.4,M*2D
$02MWV,303.8,R,1.89,N*6A
$04HDM,186.5,M*2C
$24HDG,182.0,00.0,E,00.0,E*44
$02MWV,303.4,R,1.89,N*66
$04HDM,186.5,M*2C
$05DBT,01.6,f,0.50,M,00.3,F*25
$24MWV,79.0,R,0.36,N*5D
$04HDM,186.5,M*2C
$24HDG,182.0,00.0,E,00.0,E*44
$04HDM,186.5,M*2C
$02MWV,303.2,R,1.89,N*60
$04HDM,186.5,M*2C
$24HDG,182.0,00.0,E,00.0,E*44
$04HDM,186.5,M*2C
$02MWV,304.2,R,1.89,N*67
$04HDM,186.5,M*2C
$24HDG,182.0,00.0,E,00.0,E*44
$04HDM,186.5,M*2C
$02MWV,306.3,R,1.89,N*64
$04HDM,186.5,M*2C
$24HDG,182.0,00.0,E,00.0,E*44
$04HDM,186.5,M*2C
$02MWV,308.2,R,1.89,N*6B
$04HDM,186.5,M*2C
$24HDG,182.0,00.0,E,00.0,E*44
$04HDM,186.5,M*2C
$02MWV,310.1,R,1.89,N*61
$24MWV,88.8,R,0.36,N*5B
$04HDM,186.5,M*2C
$24HDG,182.0,00.0,E,00.0,E*44
$02MWV,312.1,R,1.89,N*63
$04HDM,186.5,M*2C
$04HDM,186.5,M*2C
$23DBS,01.9,f,0.58,M,00.3,F*21
$24HDG,182.0,00.0,E,00.0,E*44
$04HDM,186.5,M*2C
$02MWV,312.6,R,1.89,N*64
$04HDM,186.5,M*2C
$24HDG,182.0,00.0,E,00.0,E*44
$04HDM,186.5,M*2C
$02MWV,312.7,R,1.89,N*65
$04HDM,186.4,M*2D
$24HDG,182.0,00.0,E,00.0,E*44
$04HDM,186.5,M*2C
$02MWV,310.0,R,1.89,N*60
$04HDM,186.5,M*2C
$24HDG,182.0,00.0,E,00.0,E*44
$04HDM,186.5,M*2C
$02MWV,305.3,R,1.89,N*67
$05DBT,01.6,f,0.50,M,00.3,F*25
$24MWV,77.3,R,0.36,N*50
$04HDM,186.5,M*2C
$24HDG,182.0,00.0,E,00.0,E*44
$04HDM,186.5,M*2C
$02MWV,300.1,R,1.89,N*60
$04HDM,186.5,M*2C
$24HDG,182.0,00.0,E,00.0,E*44
$04HDM,186.5,M*2C
$02MWV,295.6,R,1.89,N*6A
$04HDM,186.5,M*2C
$24HDG,182.0,00.0,E,00.0,E*44
$04HDM,186.5,M*2C
$02MWV,293.7,R,1.89,N*6D
$04HDM,186.5,M*2C
$24HDG,182.0,00.0,E,00.0,E*44
$04HDM,186.5,M*2C
$02MWV,295.2,R,1.89,N*6E
$04HDM,186.5,M*2C
$24HDG,182.0,00.0,E,00.0,E*44
$04HDM,186.5,M*2C
$02MWV,299.7,R,1.89,N*67
$24MWV,78.9,R,0.41,N*55
$04HDM,186.5,M*2C
$24HDG,182.0,00.0,E,00.0,E*44
$04HDM,186.5,M*2C
$02MWV,306.5,R,1.89,N*62
$04HDM,186.5,M*2C
$23DBS,01.9,f,0.58,M,00.3,F*21
$24HDG,182.0,00.0,E,00.0,E*44
$04HDM,186.5,M*2C
$02MWV,312.1,R,1.89,N*63
$04HDM,186.5,M*2C
$04HDM,186.5,M*2C
$02MWV,314.4,R,1.89,N*60
$04HDM,186.5,M*2C
$24HDG,182.0,00.0,E,00.0,E*44
$02MWV,312.5,R,1.89,N*67
$04HDM,186.5,M*2C
$04HDM,186.5,M*2C
$24HDG,182.0,00.0,E,00.0,E*44
$04HDM,186.5,M*2C
$02MWV,309.6,R,1.89,N*6E
$05DBT,01.6,f,0.50,M,00.3,F*25
$24MWV,88.8,R,0.36,N*5B
$04HDM,186.5,M*2C
$24HDG,182.0,00.0,E,00.0,E*44
$04HDM,186.5,M*2C
$02MWV,305.9,R,1.89,N*6D
$04HDM,186.5,M*2C
$24HDG,182.0,00.0,E,00.0,E*44
$04HDM,186.5,M*2C
$02MWV,303.1,R,1.89,N*63
$04HDM,186.5,M*2C
$24HDG,182.0,00.0,E,00.0,E*44
$04HDM,186.5,M*2C
$02MWV,302.8,R,1.89,N*6B
$04HDM,186.5,M*2C
$24HDG,182.0,00.0,E,00.0,E*44
$04HDM,186.5,M*2C
$02MWV,303.7,R,1.89,N*65
$04HDM,186.5,M*2C
$24HDG,182.0,00.0,E,00.0,E*44
$04HDM,186.5,M*2C
$02MWV,305.8,R,1.89,N*6C
$24MWV,88.8,R,0.36,N*5B
$04HDM,186.5,M*2C
$24HDG,182.0,00.0,E,00.0,E*44
$04HDM,186.5,M*2C
$02MWV,308.4,R,2.38,N*64
$04HDM,186.5,M*2C
$23DBS,01.9,f,0.58,M,00.3,F*21
$24HDG,182.0,00.0,E,00.0,E*44
$04HDM,186.5,M*2C
$02MWV,311.1,R,2.38,N*69
$04HDM,186.5,M*2C
$02MWV,312.9,R,2.38,N*62
$24HDG,182.1,00.0,E,00.0,E*45
$04HDM,186.5,M*2C
$04HDM,186.5,M*2C
$24HDG,182.1,00.0,E,00.0,E*45
$02MWV,313.3,R,2.38,N*69
$04HDM,186.5,M*2C
$04HDM,186.5,M*2C
$24HDG,182.1,00.0,E,00.0,E*45
$02MWV,312.3,R,2.38,N*68
$04HDM,186.5,M*2C
$24MWV,88.8,R,0.36,N*5B
$04HDM,186.5,M*2C
$24HDG,182.1,00.0,E,00.0,E*45
$04HDM,186.5,M*2C
$02MWV,310.2,R,2.38,N*6B
$04HDM,186.5,M*2C
$24HDG,182.0,00.0,E,00.0,E*44
$04HDM,186.5,M*2C
$02MWV,308.9,R,2.38,N*69
$04HDM,186.5,M*2C
$24HDG,182.0,00.0,E,00.0,E*44
$04HDM,186.5,M*2C
$02MWV,307.6,R,2.38,N*69
$04HDM,186.5,M*2C
$24HDG,182.0,00.0,E,00.0,E*44
$04HDM,186.5,M*2C
$02MWV,307.9,R,2.38,N*66
$04HDM,186.5,M*2C
$24HDG,182.0,00.0,E,00.0,E*44
$04HDM,186.5,M*2C
$02MWV,309.3,R,2.38,N*62
$24MWV,88.8,R,0.36,N*5B
$04HDM,186.5,M*2C
$02MWV,311.1,R,2.38,N*69
$24HDG,182.0,00.0,E,00.0,E*44
$04HDM,186.5,M*2C
$04HDM,186.5,M*2C
$23DBS,01.9,f,0.58,M,00.3,F*21
$24HDG,182.0,00.0,E,00.0,E*44
$04HDM,186.5,M*2C
$02MWV,313.5,R,2.38,N*6F
$04HDM,186.5,M*2C
$24HDG,182.0,00.0,E,00.0,E*44
$04HDM,186.5,M*2C
$02MWV,315.0,R,2.38,N*6C
$04HDM,186.5,M*2C
$24HDG,182.0,00.0,E,00.0,E*44
$02MWV,315.7,R,2.38,N*6B
$04HDM,186.5,M*2C
$04HDM,186.5,M*2C
$24HDG,182.0,00.0,E,00.0,E*44
$04HDM,186.5,M*2C
$02MWV,314.6,R,2.38,N*6B
$05DBT,01.6,f,0.50,M,00.3,F*25
$24MWV,88.8,R,0.36,N*5B
$04HDM,186.5,M*2C
$24HDG,182.0,00.0,E,00.0,E*44
$04HDM,186.5,M*2C
$02MWV,313.9,R,2.38,N*63
$04HDM,186.5,M*2C
$24HDG,182.0,00.0,E,00.0,E*44
$04HDM,186.5,M*2C
$02MWV,313.2,R,2.38,N*68
$04HDM,186.5,M*2C
$24HDG,182.0,00.0,E,00.0,E*44
$04HDM,186.5,M*2C
$02MWV,313.7,R,2.38,N*6D
$04HDM,186.5,M*2C
$24HDG,182.0,00.0,E,00.0,E*44
$04HDM,186.5,M*2C
$02MWV,314.4,R,2.38,N*69
$04HDM,186.5,M*2C
$02MWV,315.4,R,2.38,N*68
$24HDG,182.0,00.0,E,00.0,E*44
$04HDM,186.5,M*2C
$24MWV,88.8,R,0.36,N*5B
$04HDM,186.5,M*2C
$24HDG,182.0,00.0,E,00.0,E*44
$04HDM,186.5,M*2C
$02MWV,317.5,R,2.38,N*6B
$04HDM,186.5,M*2C
$23DBS,01.9,f,0.58,M,00.3,F*21
$02MWV,318.8,R,2.38,N*69
$24HDG,182.0,00.0,E,00.0,E*44
$04HDM,186.5,M*2C
$04HDM,186.5,M*2C
$24HDG,182.1,00.0,E,00.0,E*45
$04HDM,186.5,M*2C
$02MWV,319.4,R,2.38,N*64
$04HDM,186.5,M*2C
$24HDG,182.1,00.0,E,00.0,E*45
$04HDM,186.5,M*2C
$02MWV,319.1,R,2.38,N*61
$04HDM,186.5,M*2C
$24HDG,182.1,00.0,E,00.0,E*45
$04HDM,186.5,M*2C
$02MWV,317.4,R,2.38,N*6A
$05DBT,01.6,f,0.50,M,00.3,F*25
$24MWV,76.3,R,0.36,N*51
$04HDM,186.5,M*2C
$24HDG,182.1,00.0,E,00.0,E*45
$04HDM,186.5,M*2C
$02MWV,316.3,R,2.38,N*6C
$04HDM,186.5,M*2C
$24HDG,182.1,00.0,E,00.0,E*45
$04HDM,186.5,M*2C
$02MWV,314.5,R,2.38,N*68
$04HDM,186.5,M*2C
$02MWV,313.0,R,2.38,N*6A
$24HDG,182.2,00.0,E,00.0,E*46
$04HDM,186.5,M*2C
$04HDM,186.5,M*2C
$24HDG,182.2,00.0,E,00.0,E*46
$04HDM,186.5,M*2C
$02MWV,312.7,R,2.38,N*6C
$04HDM,186.5,M*2C
$24HDG,182.2,00.0,E,00.0,E*46
$04HDM,186.5,M*2C
$02MWV,312.6,R,2.38,N*6D
$24MWV,77.3,R,0.36,N*50
$04HDM,186.5,M*2C
$24HDG,182.2,00.0,E,00.0,E*46
$04HDM,186.5,M*2C
$02MWV,313.1,R,2.38,N*6B
$04HDM,186.5,M*2C
$23DBS,01.9,f,0.58,M,00.3,F*21
$02MWV,313.2,R,1.89,N*61
$24HDG,182.2,00.0,E,00.0,E*46
$04HDM,186.5,M*2C
$04HDM,186.5,M*2C
$02MWV,314.4,R,1.89,N*60
$24HDG,182.2,00.0,E,00.0,E*46
$04HDM,186.5,M*2C
$04HDM,186.5,M*2C
$02MWV,315.3,R,2.38,N*6F
$24HDG,182.1,00.0,E,00.0,E*45
$04HDM,186.5,M*2C
$04HDM,186.5,M*2C
$24HDG,182.1,00.0,E,00.0,E*45
$04HDM,186.5,M*2C
$02MWV,315.4,R,2.38,N*68
$05DBT,01.6,f,0.50,M,00.3,F*25
$24MWV,77.9,R,0.30,N*5C
$04HDM,186.5,M*2C
$24HDG,182.1,00.0,E,00.0,E*45
$04HDM,186.5,M*2C
$02MWV,316.0,R,2.38,N*6F
$04HDM,186.5,M*2C
$24HDG,182.1,00.0,E,00.0,E*45
$04HDM,186.5,M*2C
$02MWV,317.4,R,1.89,N*63
$04HDM,186.5,M*2C
$24HDG,182.1,00.0,E,00.0,E*45
$04HDM,186.5,M*2C
$02MWV,318.0,R,1.89,N*68
$04HDM,186.5,M*2C
$24HDG,182.1,00.0,E,00.0,E*45
$04HDM,186.5,M*2C
$02MWV,317.6,R,1.89,N*61
$04HDM,186.5,M*2C
$24HDG,182.1,00.0,E,00.0,E*45
$04HDM,186.5,M*2C
$02MWV,317.2,R,1.89,N*65
$24MWV,69.2,R,0.36,N*5E
$04HDM,186.5,M*2C
$24HDG,182.1,00.0,E,00.0,E*45
$04HDM,186.5,M*2C
$02MWV,315.1,R,1.89,N*64
$04HDM,186.5,M*2C
$23DBS,01.9,f,0.58,M,00.3,F*21
$24HDG,182.2,00.0,E,00.0,E*46
$04HDM,186.5,M*2C
$02MWV,311.8,R,1.89,N*69
$04HDM,186.5,M*2C
$24HDG,182.2,00.0,E,00.0,E*46
$04HDM,186.5,M*2C
$02MWV,308.8,R,1.89,N*61
$04HDM,186.5,M*2C
$24HDG,182.2,00.0,E,00.0,E*46
$04HDM,186.5,M*2C
$02MWV,307.4,R,1.89,N*62
$04HDM,186.5,M*2C
$24HDG,182.2,00.0,E,00.0,E*46
$04HDM,186.5,M*2C
$02MWV,306.7,R,1.89,N*60
$05DBT,01.6,f,0.50,M,00.3,F*25
$24MWV,70.3,R,0.36,N*57
$04HDM,186.5,M*2C
$24HDG,182.2,00.0,E,00.0,E*46
$04HDM,186.5,M*2C
$02MWV,308.8,R,1.89,N*61
$04HDM,186.5,M*2C
$24HDG,182.2,00.0,E,00.0,E*46
$04HDM,186.5,M*2C
$02MWV,312.1,R,1.89,N*63
$04HDM,186.5,M*2C
$24HDG,182.2,00.0,E,00.0,E*46
$04HDM,186.5,M*2C
$02MWV,317.0,R,1.89,N*67
$04HDM,186.5,M*2C
$24HDG,182.2,00.0,E,00.0,E*46
$04HDM,186.5,M*2C
$02MWV,321.0,R,1.89,N*62
$04HDM,186.5,M*2C
$24HDG,182.2,00.0,E,00.0,E*46
$04HDM,186.5,M*2C
$02MWV,323.6,R,1.89,N*66
$24MWV,71.1,R,0.36,N*54
$04HDM,186.5,M*2C
$02MWV,323.6,R,1.89,N*66
$24HDG,182.2,00.0,E,00.0,E*46
$04HDM,186.5,M*2C
$04HDM,186.5,M*2C
$23DBS,01.9,f,0.58,M,00.3,F*21
$24HDG,182.2,00.0,E,00.0,E*46
$04HDM,186.5,M*2C
$02MWV,321.8,R,1.89,N*6A
$04HDM,186.5,M*2C
$24HDG,182.2,00.0,E,00.0,E*46
$04HDM,186.5,M*2C
$02MWV,317.7,R,1.89,N*60
$04HDM,186.5,M*2C
$24HDG,182.1,00.0,E,00.0,E*45
$04HDM,186.5,M*2C
$02MWV,314.5,R,1.89,N*61
$04HDM,186.5,M*2C
$24HDG,182.1,00.0,E,00.0,E*45
$04HDM,186.5,M*2C
$02MWV,310.7,R,1.89,N*67
$05DBT,01.6,f,0.50,M,00.3,F*25
$24MWV,71.1,R,0.36,N*54
$04HDM,186.5,M*2C
$24HDG,182.1,00.0,E,00.0,E*45
$04HDM,186.5,M*2C
$02MWV,308.4,R,1.89,N*6D
$04HDM,186.5,M*2C
$24HDG,182.1,00.0,E,00.0,E*45
$04HDM,186.5,M*2C
$02MWV,307.1,R,1.89,N*67
$04HDM,186.5,M*2C
$24HDG,182.0,00.0,E,00.0,E*44
$04HDM,186.5,M*2C
$02MWV,307.3,R,1.89,N*65
$04HDM,186.5,M*2C
$02MWV,308.4,R,1.89,N*6D
$24HDG,182.0,00.0,E,00.0,E*44
$04HDM,186.5,M*2C
$04HDM,186.5,M*2C
$24HDG,182.0,00.0,E,00.0,E*44
$04HDM,186.5,M*2C
$02MWV,311.4,R,1.89,N*65
$24MWV,72.1,R,0.36,N*57
$04HDM,186.5,M*2C
$24HDG,182.0,00.0,E,00.0,E*44
$04HDM,186.5,M*2C
$02MWV,313.8,R,1.89,N*6B
$04HDM,186.5,M*2C
$23DBS,01.9,f,0.58,M,00.3,F*21
$24HDG,182.0,00.0,E,00.0,E*44
$04HDM,186.5,M*2C
$02MWV,316.1,R,1.89,N*67
$04HDM,186.5,M*2C
$24HDG,182.0,00.0,E,00.0,E*44
$04HDM,186.5,M*2C
$02MWV,317.7,R,1.89,N*60
