!AIVDM,1,1,,B,13aGua?P00PHfERNFruh0?vN289E,0*35
!AIVDM,1,1,,A,13aJG1wP?w<tSF0l4Q@>4?wv0`9F,0*29
!AIVDM,1,1,,A,13`rcF?P000HRkVN@b1@0?vL0<19,0*47
!AIVDM,1,1,,A,E02E340W6@1WPab3bPa200000000:uoH?9Ur000003v010,4*5C
!AIVDM,1,1,,B,H39k:bQ0thE0thD000000000000,2*06
!AIVDM,1,1,,A,13aDr68P00PHj3NNKAJh0?vP289N,0*10
!AIVDM,1,1,,A,13aetV7P0LPHI<pNL3Vl6wvP26P8,0*04
!AIVDM,1,1,,A,13aIkM@P00PJ@nfNL=c@0?vP2H9W,0*49
!AIVDM,1,1,,A,13aL?0W00OPJMwvNaNTAf0vP089`,0*1D
!AIVDM,2,1,2,A,53aGE04000010C;7CV0dtDLDiLTD<f222222220`0hN4540Ht3U1DThj1C2C,0*17
!AIVDM,2,2,2,A,Qp888888880,2*07
!AIVDM,1,1,,A,13a5jB0P000GoWpNQuqh0?vH00SV,0*40
!AIVDM,1,1,,A,13aGtCgP00PHi14NK@e00?vP2H9h,0*64
!AIVDM,1,1,,A,13aL>Dg000PGa@TNKgbF2lVP06P8,0*36
!AIVDM,1,1,,A,13`fJDh0000Epj0NE2T3L:0L0@9n,0*58
!AIVDM,1,1,,B,15C78000000GogBNQupa6U@R0<2o,0*3B
!AIVDM,1,1,,B,13a6ld00000Hpm@NL1`P09fR0<2M,0*10
!AIVDM,1,1,,A,33`qM>8P@TPGD4bNSOm3EBHR01nP,0*13
!AIVDM,1,1,,A,13aGuEPP00PJL1PNTkWIJ?vR2D4l,0*15
!AIVDM,1,1,,B,83aGtCPj2d<d<Lt=v@gPQ@O55000,0*5D
!AIVDM,1,1,,A,33brfb5P000HiS0NK<D=`gvRP000,0*26
!AIVDM,1,1,,B,13P;h8hvjfPGN9<Nbq7asWtL00Sg,0*71
!AIVDM,1,1,,B,13a?OH?00QPH@;PNLs6U7D4T00Rq,0*01
!AIVDM,1,1,,B,13aI;8wP00PHJBJNGgHh0?vR2<1`,0*4B
!AIVDM,2,1,3,A,53aJJND000010CSW3<1`DDPtpB2222200000001510I44ujC008000000000,0*6F
!AIVDM,2,2,3,A,00000000008,2*2F
!AIVDM,1,1,,A,13b<2H7000PHkGlNKT7WM0bR0<2i,0*74
!AIVDM,1,1,,A,33:krn000a0HKw0NGtl8GFnP00sh,0*43
!AIVDM,1,1,,B,16LWib003BPF4VpNT:R2P22R00SB,0*14
!AIVDM,1,1,,B,13aDBd8P00PHiwJNKC000?vR26P8,0*01
!AIVDM,1,1,,A,13u7M`002E0F2KfNc<aPOh@R0d2l,0*4A
!AIVDM,1,1,,A,33aDrkOP00PHi>tNKB0EpgvR2031,0*3F
!AIVDM,1,1,,A,33aMB<?01?PGen:NK;6cwaRN00s@,0*01
!AIVDM,1,1,,A,D02E351rHg6D000000000000000,2*0F
!AIVDM,1,1,,A,E02E340W6@1WPab3bPa200000000:uoH?9Ur000003v010,4*5C
!AIVDM,1,1,,B,13aFh>?0010IvnhNSnoVR9JT0<2g,0*37
!AIVDM,1,1,,A,83aDrk@j2d<dd<d<uh00I@O03h00,0*05
!AIVDM,1,1,,B,13aJJNOP000JKIVNTj;h0?vT00Si,0*0D
!AIVDM,1,1,,A,13aEOEPP00PHm?fNK`gsB?wb26P8,0*53
!AIVDM,1,1,,A,E02E381`60b37a6h6Lh@@@@@@@@0;FdI?Ede`00003v000,4*39
!AIVDM,1,1,,B,13cDbl00210J7tfNf8DamWq20@CA,0*6C
!AIVDM,2,1,4,A,53aFgpl000010KWWOV1`4p@EQ18E>3F22222220Q9h83640Ht00000000000,0*69
!AIVDM,2,2,4,A,00000000000,2*20
!AIVDM,1,1,,A,E02E381`60b37a6h6Lh@@@@@@@@0;FdI?Ede`00003v000,4*39
!AIVDM,1,1,,A,83aGE00j2P00000000e0e@O=4H00,0*38
!AIVDM,1,1,,A,83aFgphj2d<dd=MN>@000@QU0000,0*41
!AIVDM,1,1,,B,33`qM>8P@SPGD5bNSOmS@2HV011h,0*60
!AIVDM,1,1,,A,13bjvT?0000H56DNQgiAGb2V00SE,0*39
!AIVDM,1,1,,A,13aFfRPP00PIu@tNF3cP0?vV28;:,0*43
!AIVDM,1,1,,B,13`gh8700JPIoAJNWmDs1`hV08;;,0*54
!AIVDM,2,1,5,A,56LWib02@5TGL`A22204A8T5@T>0PTLQL5V222162Rk8H58c0CA1ACAH8888,0*20
!AIVDM,2,2,5,A,88888888880,2*21
!AIVDM,1,1,,B,19NS5;?P010F7P:NPwBqNOvV20SJ,0*1B
!AIVDM,1,1,,A,102EFW3P000Hk`nNK`OaVOv`20Rf,0*4D
!AIVDM,2,1,6,B,53aN1ET000010S?7?N0DSCB0DhU<48E@R04h8E8N28314t0Ht3h000000000,0*72
!AIVDM,2,2,6,B,00000000000,2*21
!AIVDM,1,1,,A,13aGFvwP00PHi3fNKCKP0?vV2<1H,0*34
!AIVDM,1,1,,A,13aIi0gP00PHkHpNKQM8ewv`2H;R,0*1F
!AIVDM,2,1,7,B,53a1lH00000108`R22123CR2222222222222221J20:32400000000000000,0*3D
!AIVDM,2,2,7,B,00000000000,2*20
!AIVDM,1,1,,B,33bh6v70000HjCpNKOD9iDp`06u3,0*03
!AIVDM,1,1,,B,13aGD7pP0@0HoAhNKnB24gvN2D1B,0*69
!AIVDM,1,1,,B,33:krn000a0HKvHNGtg8GVlT0151,0*3A
!AIVDM,1,1,,B,33aI8e?P00PGpUDNR6tP0?vV2BAS,0*0A
!AIVDM,1,1,,B,14h?6j003E0GH3nNW?mBiB@`08;g,0*69
!AIVDM,2,1,8,B,53aGFbl000010KSKGD18TE0Dj0m1<000000000150hF41t@PJ00000000000,0*40
!AIVDM,2,2,8,B,00000000000,2*2F
!AIVDM,1,1,,B,13bb0F?00D0Gh>PNTGSbbpTb00SG,0*07
!AIVDM,1,1,,B,33aMB<?01@PGekJNK;@;u9RT018A,0*2D
!AIVDM,1,1,,B,83aGFbhj2d<dd<<<dPS0I@OU0000,0*3C
!AIVDM,1,1,,A,13`uO2700KPHL`DNL1rD1S<b08<0,0*7D
!AIVDM,1,1,,B,13aL?>HP00PHj5dNKAKP0?v`2D0j,0*5A
!AIVDM,1,1,,A,402E34iuq8D2DPGoPJNQwwG00D22,0*4B
!AIVDM,1,1,,A,13`va@0P000HpKfNKngpPOvb26P8,0*4D
!AIVDM,1,1,,A,402E34Quq8D2DPL;CNNVEEG008<7,0*4B
!AIVDM,1,1,,A,13aGuu@P00PHpwpNKuth0?v`26P8,0*64
!AIVDM,1,1,,A,13bQtf?P000HevLNFs;If?vb2<1;,0*0D
!AIVDM,1,1,,B,E>jN6<0W6@1WPab3bPa2@LtP0000:uoH?9Ur000003v010,4*27
!AIVDM,1,1,,A,13aKVPHP00PHj5TNK8H00?vb26P8,0*31
!AIVDM,1,1,,A,33aGDjCP00PHiQjNK9WsCgvVR3BQ,0*19
!AIVDM,1,1,,A,402E3:0000HttPGEahN7pi701T00,0*4D
!AIVDM,2,1,9,A,53P<QQ@2B6P78DiG<01LTp@<5B3734000000000`28;554d>053@BjmC@000,0*17
!AIVDM,2,2,9,A,00000000000,2*2D
!AIVDM,1,1,,B,13aKWv?P00PHjTHNK?w:fgvd2@<b,0*65
!AIVDM,1,1,,B,13c0aT00000HJJPNGeLaLJjd08<d,0*70
!AIVDM,1,1,,B,B3`fKe00006<Rw7Vl<403wbUkP06,0*28
!AIVDM,1,1,,B,33MhDV0PAc0EU9rNSK0P?;8f2000,0*55
!AIVDM,1,1,,A,15Q:RP002i0FHd<N`aGafWlb0<<N,0*5E
!AIVDM,1,1,,B,13aDo:@P00PJ2h8NEeHo=wvbR6P8,0*24
!AIVDM,1,1,,B,13aGFRwP000HnjDNKla2v?vd0<1g,0*31
!AIVDM,1,1,,B,13aDGp00000Gpq>NR;>na8Hd08<n,0*25
!AIVDM,1,1,,B,13brCD00000HtL6NKFbk@SHd2H<o,0*1A
!AIVDM,2,1,0,B,53aDBD4000010SSS;L0dtR0V0ptu:2200000001500000vMd00j0DS2CQiCP,0*01
!AIVDM,2,2,0,B,00000000000,2*27
!AIVDM,1,1,,A,?0000M0rEa80D00,2*7C
!AIVDM,1,1,,B,33aGFROP000Ho;bNKmb`jgvd05dS,0*01
!AIVDM,1,1,,B,13aKV4OP00PJb?pNHTEh0?vd2L0s,0*18
!AIVDM,1,1,,B,13aBMu@P00PJK4TNEh4P0?vd2<1K,0*73
!AIVDM,1,1,,A,E02E381`60b37a6h6Lh@@@@@@@@0;FdI?Ede`00003v000,4*39
!AIVDM,1,1,,B,13btD>00000GqJ0NR>BL7Vdb0L0F,0*76
!AIVDM,1,1,,A,13aDA0PP00PHn40NKRH00?vd2@=9,0*46
!AIVDM,1,1,,A,13`e=?HP00PHmH0NKBaP0?vd28==,0*57
!AIVDM,1,1,,A,13aFgphP1EPHE=vNBb4G:?vf26P8,0*2A
!AIVDM,1,1,,B,13IOOb002;0HBg8NcJ=9n7p`0L3W,0*52
!AIVDM,1,1,,A,13aEQuOP00PHivhNKCRh0?vd26P8,0*59
!AIVDM,1,1,,B,13aGCN8P00PHj7fNKB>LaOvf2D1R,0*59
!AIVDM,1,1,,A,13aR>V0001PHifdNK;@rn::f20St,0*2C
!AIVDM,1,1,,A,13aBJp700Q0GbB@NSiU3=BVf08=O,0*6B
!AIVDM,1,1,,A,16LWib003BPF4l`NT;2RP22d06P8,0*75
!AIVDM,1,1,,A,13P;h8hvjfPGMrPNbpkasGt`0<49,0*02
!AIVDM,1,1,,A,13aFgJ?P00PHf8RNFsdP0?vf2@=W,0*1D
!AIVDM,1,1,,B,13b8s:001BPKWtfNdeU:vp`d0@=W,0*21
!AIVDM,1,1,,A,33aGtI5P00PHi?PNKB@@0?vf2DLJ,0*6E
!AIVDM,1,1,,A,13aL>vwP00PIMtHNKaHP0?vf2@=a,0*43
!AIVDM,1,1,,B,13bt8P0P000HfWNNBq78mgvf20Sp,0*77
!AIVDM,1,1,,A,15E<fj002VPIWfnNbimRi2:h00SG,0*12
!AIVDM,1,1,,A,13b=DJ0P000Gp@DNQv2Ihwvh2D2`,0*21
!AIVDM,1,1,,A,13P<QQ@0000HdfNNFpWPp:Rf06P8,0*63
!AIVDM,1,1,,A,13aDBD0P00PHj0NNKB4h0?vf2@=i,0*49
!AIVDM,1,1,,A,15C3:600000GokHNQuG9@lBh0@=l,0*56
!AIVDM,1,1,,A,13aBLqgP00PHpRtNKQQ00?vf2<3f,0*32
!AIVDM,1,1,,A,13aGuE@P00PJKh>NTiic;Ovh2D4w,0*03
!AIVDM,1,1,,B,13aIi<0P00PJKP<NTjb@0?vf28=u,0*08
!AIVDM,2,1,1,B,502EFW4000010SS;C21JpBr0M844J1=:2222220Q1A;4540Ht04Sm51DQ0CH,0*0A
!AIVDM,2,2,1,B,88888888880,2*26
!AIVDM,1,1,,B,?0000M0r`P:0D00,2*69
!AIVDM,1,1,,A,33:krn000a0HKtlNGtU8HVld0000,0*17
!AIVDM,1,1,,B,13aI9j8P00PHisJNKG6h0?vf28>3,0*78
!AIVDM,1,1,,A,13b`Bv5P1<PHUfVNI35v1gvh28>9,0*35
!AIVDM,1,1,,B,13aI;8gP00PHf0TNFt400?vh2@>;,0*3F
!AIVDM,1,1,,A,33aMB<?01@PGegdNK;M;u9Rd0000,0*49
!AIVDM,1,1,,B,13`j7c0wh1PG?:8NOgf8L4Fj00Rs,0*00
!AIVDM,1,1,,A,13aGtD@P?w<tSF0l4Q@>4?wv13l9,0*2D
!AIVDM,1,1,,A,4h2E:wAuq8D2GPG6I@NBHuQ020S:,0*1F
!AIVDM,1,1,,B,83aDBD0j2d<ed=d=<PO8Q@O07Q00,0*4B
!AIVDM,1,1,,B,D02E34iFTg6D000000000000000,2*7D
!AIVDM,1,1,,A,13aB:Hh000PHjE8NKJiH41th0`>O,0*74
!AIVDM,1,1,,B,D02E34QGLg6D000000000000000,2*5C
!AIVDM,2,1,2,A,53`gh83938<A0A0N221HU<58DpB222222222221S000005FR071RDj2CQlSm,0*27
!AIVDM,2,2,2,A,CQ4p8888880,2*70
!AIVDM,1,1,,B,802EFW0j2d<dtM=<tib@h?`50000,0*1A
!AIVDM,1,1,,A,E02E340W6@1WPab3bPa200000000:uoH?9Ur000003v010,4*5C
!AIVDM,1,1,,A,33MhDV0PA`0EU:>NSKDh<s6n20hP,0*23
!AIVDM,1,1,,B,13cLV`00110HK4RNGmT`PVnl00S6,0*5A
!AIVDM,1,1,,A,13aGua?P00PHfENNFru@0?vj26P8,0*3C
!AIVDM,1,1,,B,13aIkM@P00PJ@o0NL=c00?vj28?4,0*42
!AIVDM,1,1,,B,33`qM>8P@TPGD9@NSOpC5RBl01oh,0*3F
!AIVDM,1,1,,A,13`rcF?P000HRkhN@b200?vh00RI,0*31
!AIVDM,1,1,,A,14h?6j003D0GHELNW@ABij@l0<57,0*12
!AIVDM,1,1,,B,13aJG1wP?w<tSF0l4Q@>4?wv0`?@,0*2A
!AIVDM,1,1,,A,13a6ld00000Hpm@NL1`P09fl06P8,0*30
!AIVDM,1,1,,A,13a?OH?00QPH@>bNLrpU;T6l0L1R,0*68
!AIVDM,1,1,,A,83aIgg@j2`<<dttdtR9Pq?`09HP0,0*3D
!AIVDM,2,1,3,A,53aBMuD0000107?37T058ME<000000000000001S0h:41t0Ht0TkQABwwwh0,0*10
!AIVDM,2,2,3,A,00000000000,2*27
!AIVDM,1,1,,A,15C78000000GogDNQup`wU@n0<2n,0*43
!AIVDM,1,1,,A,13a@F4?00MPHEH<NUWp2b24l06P8,0*44
!AIVDM,1,1,,B,13a5jB0P?w0GoWpNQuqv4?vP06P8,0*62
!AIVDM,1,1,,B,13aGtCgP00PHi0rNK@e00?vl2@?`,0*1A
!AIVDM,1,1,,B,13aN1EgP0MPHBT`NI>i=rwvn2<1d,0*73
!AIVDM,1,1,,B,13aFfb0P00PJgPhNFp900?vl2@?j,0*62
!AIVDM,1,1,,B,13aDr68P00PHj3HNKAJ@0?vl2<1=,0*7E
!AIVDM,1,1,,B,13aetV7P0LPHI@jNL3Ql2gvn28?n,0*7B
!AIVDM,1,1,,A,13aI;8wP00PHJBJNGgIP0?vn2D1W,0*02
!AIVDM,1,1,,B,13aDrkOP00PHi>tNKB0Epgvl28?t,0*41
!AIVDM,1,1,,A,13bNqJ0P1JPFmDfNK;nCa?vp26P8,0*56
!AIVDM,1,1,,A,13`t=00PAIPHBeBNQ=OJ7p2nP@@0,0*74
!AIVDM,1,1,,B,33:krn000a0HKspNGtM`HFlj013@,0*23
!AIVDM,1,1,,A,13aB7fwP00PGl<6NEbVIuwvp2<1D,0*09
!AIVDM,1,1,,B,13aGvAh0010I0wPNQQucU5rp06P8,0*55
!AIVDM,1,1,,A,13aFh>?0000IvnjNSno6MqHp0H@8,0*7F
!AIVDM,1,1,,A,13aGE00P000GowtNQunat?vp2D1<,0*5F
!AIVDM,1,1,,A,13aJJNOP000JKINNTj<00?vn00SS,0*49
!AIVDM,1,1,,B,15Q:RP002i0FHHlN``o9fWln0@@B,0*50
!AIVDM,1,1,,B,13`vB;pP00PHML2NGIEPDOvn20Rw,0*22
!AIVDM,1,1,,A,E02E381`60b37a6h6Lh@@@@@@@@0;FdI?Ede`00003v000,4*39
!AIVDM,1,1,,B,13a1lH?P?w<tSF0l4Q@>4?wv0l0T,0*5C
!AIVDM,1,1,,B,13aEOEPP00PHm?FNK`gsB?v620SA,0*59
!AIVDM,1,1,,B,13aC2`wP02PHJLlNGdtqI?vp2@@O,0*65
!AIVDM,1,1,,A,13cDbl00210J7d`Nf7rIm7qF0HI2,0*0D
!AIVDM,1,1,,B,13@aQ0001h0GJp6NVO=BRR4n00Rp,0*15
!AIVDM,1,1,,B,13b<2H7000PHkGrNKT77Lh`p0<2i,0*70
!AIVDM,1,1,,A,19NS5;?P000F7O<NPwGaKgvr20S5,0*63
!AIVDM,1,1,,B,102EFW3P000Hk`pNK`NaUwvr20S6,0*29
!AIVDM,1,1,,B,13aGFvwP00PHi3>NKCLh0?vp20S>,0*6E
!AIVDM,1,1,,A,E02E381`60b37a6h6Lh@@@@@@@@0;FdI?Ede`00003v000,4*39
!AIVDM,1,1,,A,13aDBd8P00PHiw8NKC1@0?vp28@n,0*6B
!AIVDM,1,1,,B,H39k:bTTC=D70iM47Ponkq106220,0*02
!AIVDM,1,1,,B,13aIi0gP00PHkHjNKQM8fgvt2L1F,0*1B
!AIVDM,1,1,,A,13b<Q`7P@S0J9M`NWoESRRll00S<,0*5E
!AIVDM,1,1,,A,13aL?>HP00PHj5hNKAK@0?vr26P8,0*17
!AIVDM,1,1,,B,16LWib003BPF580NT;e2P22r0HAF,0*43
!AIVDM,1,1,,A,13aENfwP00PHi9<NK?HP0?vr20SQ,0*52
!AIVDM,1,1,,A,13bh6v70000HjCrNKOCppTpt08AL,0*16
!AIVDM,1,1,,A,13aGD7pP0@0Ho?dNKnKj4gvj20S;,0*02
!AIVDM,1,1,,B,13bjvT?0000H56<NQghQGb2r0L0j,0*47
!AIVDM,1,1,,B,13`va@0P000HpK<NKnfpPOvt2HAT,0*00
!AIVDM,1,1,,B,13P;h8h1BfPGMd8NbpR9rotl0@Aa,0*05
!AIVDM,2,1,4,B,53aL>DT0000107?;GD08A>1A84q=0u9@E800000Q0000040Ht0B0DS2CQiC`,0*76
!AIVDM,2,2,4,B,0jE6H000000,2*72
!AIVDM,1,1,,A,13u7M`002E0F2S0Nc>O0NP<r0pJ:,0*17
!AIVDM,1,1,,B,13`uO2700KPHLd6NL1nCwk:t06P8,0*17
!AIVDM,1,1,,A,13b?AJ7P0R0J39<NV293ogvr0D<P,0*0F
!AIVDM,1,1,,B,402E34iuq8D2NPGoPJNQwwG00D22,0*42
!AIVDM,1,1,,A,13aDo:@P00PJ2h8NEeHo=wvtR6P8,0*31
!AIVDM,1,1,,B,13aGDjCP00PHiQVNK9WsCgvpRD1N,0*19
!AIVDM,1,1,,B,13ktppP025PGQhhNbL69n7lv06P8,0*5B
!AIVDM,1,1,,A,13btD>00000GqItNR>BsjFdt08B;,0*2D
!AIVDM,1,1,,A,13aKWv?P00PHjTFNK?wrhgvv28B>,0*66
!AIVDM,1,1,,A,33ba1n5P000HtI>NKFq4COvvP000,0*0E
!AIVDM,1,1,,B,83aL>DPj2P00000000e0`@QU1JP0,0*4B
!AIVDM,1,1,,A,13aMB<?01@PGea:NK;kKraRr0HBK,0*7D
!AIVDM,1,1,,A,33:krn000a0HKr`NGtC`EFnr04T3,0*39
!AIVDM,1,1,,B,13aBJp700Q0GbF@NSiWCAjW00<1<,0*66
!AIVDM,1,1,,A,13aBMu@P00PJK4VNEh4@0?vv2HBU,0*69
!AIVDM,1,1,,B,13aKVPHP00PHj5VNK8Gh0?vv26P8,0*73
!AIVDM,1,1,,B,13aDA0PP00PHn3vNKRGP0?vv2<1;,0*0B
!AIVDM,1,1,,A,13aGFROP000Ho;jNKme8jgw000SW,0*34
!AIVDM,1,1,,A,13c0aT00000HJJPNGeLtK:i006P8,0*78
!AIVDM,1,1,,B,?0000M0rc=0PD00,2*6D
!AIVDM,1,1,,B,14h?6j003E0GHW:NW@ejijA006P8,0*45
!AIVDM,1,1,,B,E>jN6<0W6@1WPab3bPa2@LtP0000:uoH?9Ur000003v010,4*27
!AIVDM,2,1,5,A,53aJJND000010CSW3<1`DDPtpB2222200000001510I44ujC008000000000,0*69
!AIVDM,2,2,5,A,00000000008,2*29
!AIVDM,1,1,,A,13aGCN8P00PHj7jNKB?dcgw22<1R,0*78
!AIVDM,1,1,,B,13aGuu@P00PHpwlNKuu@0?w02D1q,0*59
!AIVDM,1,1,,B,341icT5P00PJarHNLAk00?w02DG:,0*32
!AIVDM,1,1,,A,13aGFRwP000HnjNNKl`r2gw200S=,0*06
!AIVDM,1,1,,A,13aKV4OP00PJb?lNHTEh0?w028C>,0*18
!AIVDM,1,1,,A,13brCD00000HtL:NKFck@SI226P8,0*06
!AIVDM,1,1,,B,33aBLqgP00PHpSJNKQPh0?w02Bsk,0*31
!AIVDM,1,1,,A,13aDGp00000Gpq>NR;>nB`I20HCD,0*2F
!AIVDM,1,1,,B,83aJJN@j2ddtMfMM00a@`@O50000,0*3D
!AIVDM,1,1,,B,13`e=?HP00PHmH0NKBbh0?w22HCJ,0*41
!AIVDM,2,1,6,B,53aEOET000010W?K3T0MDhJ1<TLl40000000001S2p932t@PJ00000000000,0*49
!AIVDM,2,2,6,B,00000000000,2*21
!AIVDM,1,1,,A,13aI9j8P00PHisFNKG7@0?w226P8,0*60
!AIVDM,1,1,,A,13b8s:001BPKWglNdejK0`a208CV,0*73
!AIVDM,1,1,,B,13aGtD@P?w<tSF0l4Q@>4?wv0`CV,0*3C
!AIVDM,1,1,,A,13aIi<0P00PJKPTNTjb00?w22@Cc,0*56
!AIVDM,1,1,,B,13aFgJ?P00PHf8lNFsch0?w22L3V,0*49
!AIVDM,1,1,,B,13aDBD0P00PHj0JNKB5P0?w22HCf,0*5B
!AIVDM,1,1,,B,13P<QQ@0000Hdg<NFpQhj:S20D1V,0*1F
!AIVDM,1,1,,A,13`j7c00h0PG?:8NOgf;8TG40@Cm,0*72
!AIVDM,1,1,,A,15Q:RP002i0FH>lN``UafWm208Cn,0*4D
!AIVDM,1,1,,B,13aph000000GrDJNGNQo1Ua40D1=,0*55
!AIVDM,1,1,,A,33aGCiUP000Jfl6NO1`h0?w40J@@,0*67
!AIVDM,2,1,7,A,53aJHJ4000010SKK?L0M8tuAHu9=@0000000001540816t0Ht0R0DS2CQiCP,0*3C
!AIVDM,2,2,7,A,00000000000,2*23
!AIVDM,1,1,,B,13aL>vwP00PIMtHNKaH@0?w426P8,0*41
!AIVDM,1,1,,B,13aR>V0000PHifnNK;@bn:;42@D7,0*43
!AIVDM,1,1,,B,13b=DJ0P000Gp@>NQv0IbOw620SB,0*00
!AIVDM,1,1,,B,13aEQuOP00PHivpNKCS@0?w42<1;,0*52
!AIVDM,1,1,,B,33:krn000a0HKqdNGt<8BVo00000,0*2D
!AIVDM,1,1,,B,13aJGAwP13PJ;0lNE7AHugw428DB,0*3A
!AIVDM,1,1,,A,13aJG1wP?w<tSF0l4Q@>4?wv0VP8,0*08
!AIVDM,1,1,,A,13cLV`00100HJwDNGm4`SFk606P8,0*2B
!AIVDM,1,1,,B,13aGua?P00PHfE`NFrth0?w428DI,0*0C
!AIVDM,1,1,,A,13aN1EgP0LPHBT@NI?0Mogw620SU,0*72
!AIVDM,1,1,,B,33aMB<?01@PGeVHNK;tsraS00000,0*2C
!AIVDM,1,1,,A,13aIkM@P00PJ@oDNL=c@0?w62D0O,0*10
!AIVDM,1,1,,B,13IOOb002<0HBF8NcIl9kWq20<3e,0*52
!AIVDM,1,1,,A,13aI;8gP00PHf0HNFt6@0?w628D`,0*54
!AIVDM,1,1,,A,16LWib003BPF5HTNT<E2P2360<4B,0*33
!AIVDM,1,1,,B,13aL<SPP00PJG<>NKuch0?w62D1n,0*26
!AIVDM,1,1,,B,83aEOEPj2d<d<>L>Lh`0J@UE0000,0*2A
!AIVDM,1,1,,A,13P;h8h02fPGMMLNbp>9rWu00<4;,0*70
!AIVDM,1,1,,A,13aGtCgP00PHi0dNK@eP0?w628Dn,0*39
!AIVDM,1,1,,B,13a?OH?00QPH@B8NLrb5?D780D1R,0*76
!AIVDM,1,1,,A,33`qM>8P@TPGD>HNSOvBnj=8023P,0*1B
!AIVDM,1,1,,B,13a6ld00000Hpm@NL1`P09g800T5,0*69
!AIVDM,1,1,,B,H3@CG24UDBE584744>Aj00000000,0*11
!AIVDM,1,1,,A,E02E340W6@1WPab3bPa200000000:uoH?9Ur000003v010,4*5C
!AIVDM,1,1,,B,13u7M`002D0F2S0Nc?b0Mh=60VP8,0*79
!AIVDM,1,1,,A,13aGuEPP00PJL2hNTkVIFgw:26P8,0*50
!AIVDM,1,1,,B,13bNqJ0P1KPFmPFNK;i3hOw:28EG,0*41
!AIVDM,1,1,,B,13aB:Hh1h0PHjE8NKJiB4iw80PS7,0*0A
!AIVDM,1,1,,A,13aDrkOP00PHi>tNKB0Epgw82@EQ,0*30
!AIVDM,1,1,,A,13aDr68P00PHj3BNKAJ@0?w82<1=,0*22
!AIVDM,1,1,,A,13a1lH?P?w<tSF0l4Q@>4?wv0`Ed,0*16
!AIVDM,1,1,,B,13aI;8wP00PHJBBNGgJ@0?w:20RS,0*5C
!AIVDM,1,1,,A,13aFfb0P00PJgPpNFp9@0?w:28Eh,0*5E
!AIVDM,1,1,,A,13`vB;pP00PHML8NGIF0Eww:28Ei,0*25
!AIVDM,1,1,,B,15C78000010GogPNQuo8iU?:0@Ej,0*28
!AIVDM,1,1,,A,13aL>Dg000PGa@NNKgbF2lW:08Ek,0*0F
!AIVDM,1,1,,A,13a5jB0P000GoWpNQuqh0?w00@El,0*65
!AIVDM,1,1,,A,13b<2H7000PHkGpNKT87>ha:0D2j,0*3C
!AIVDM,1,1,,A,13aetV7P0LPHIDtNL3M3o?w:28F3,0*55
!AIVDM,1,1,,B,13aGE00P000GownNQumIs?w<20S7,0*3A
!AIVDM,1,1,,A,13aBLqhP000JbdnNLCs@0?w8PHF7,0*4B
!AIVDM,1,1,,A,83aJHJ0j2d<dd<<=uhj0R@O53L00,0*59
!AIVDM,1,1,,B,13c1LF0P0T0HlmDNR?geR?w:08F8,0*31
!AIVDM,1,1,,A,13@aQ0001h0GK78NVOcBUj5:0<2F,0*30
!AIVDM,1,1,,A,13`fJDh0000Epm8NE2T3L:160@F;,0*06
!AIVDM,1,1,,B,19NS5;?P000F7NJNPwJaKww<20SW,0*27
!AIVDM,1,1,,A,13aGvAh0000I0wTNQQv@;Us<00RI,0*45
!AIVDM,1,1,,B,13aDBd8P00PHiw2NKC1P0?w<28FI,0*1E
!AIVDM,1,1,,B,13`t=00PAIPHBO`NQ=@b37w<P@FN,0*74
!AIVDM,1,1,,A,102EFW3P000Hk`tNK`MqUOw>20S;,0*45
!AIVDM,1,1,,A,13aC2`wP02PHJLdNGdsHf?w>2<2W,0*26
!AIVDM,1,1,,A,14h?6j003E0GHsfNWA?2jBA>08Fc,0*5B
!AIVDM,1,1,,B,33aGCiUP000Jfl6NO1`P0?w<0Crr,0*5D
!AIVDM,1,1,,A,33bn5j5P010HiETNK>4e:gvB0000,0*12
!AIVDM,1,1,,A,13aFfRPP00PIuA8NF3dh0?w<20Rs,0*72
!AIVDM,1,1,,B,13bh6v70000HjCrNKOCppDs>08Fl,0*6B
!AIVDM,1,1,,A,B39k:bP0@862=97WDWrqkwk5oP06,0*4E
!AIVDM,1,1,,B,13aFh>?0000IvnpNSnnnUIG>08Fn,0*7E
!AIVDM,1,1,,B,13aI8e?P00PGpUPNR6th0?w>2<07,0*26
!AIVDM,1,1,,A,13aEOEPP00PHm?:NK`g;B?vL2@Fv,0*46
!AIVDM,1,1,,A,13bjvT?0000H56<NQghiGb3<0HG1,0*1B
!AIVDM,1,1,,A,13aGFvwP00PHi3HNKCN@0?w>26P8,0*7D
!AIVDM,1,1,,B,15Q:RP002i0FGsLN``2afWm>0D<P,0*7A
!AIVDM,1,1,,B,13aENfwP00PHi94NK?IP0?w>28GC,0*1B
!AIVDM,1,1,,B,13aL?>HP00PHj5vNKAJP0?w>20SU,0*3E
!AIVDM,1,1,,B,13:krn000a0HKorNGsw8BVq:0<2:,0*7B
!AIVDM,1,1,,A,13aGF=8P00PGp`PNR8b00?w@2@GU,0*68
!AIVDM,1,1,,B,33aGD7pP0@0Ho?>NKnJB4gw825?C,0*32
!AIVDM,1,1,,A,13`uO2700KPHLgrNL1jCvk;B0@Ga,0*59
!AIVDM,1,1,,A,13bQtf?P000Hev8NFs?af?wB2HGc,0*2E
!AIVDM,1,1,,A,13aIi0gP00PHkHbNKQLHegwB28Ge,0*74
!AIVDM,1,1,,A,13aKVPHP00PHj5bNK8GP0?w@2<1;,0*23
!AIVDM,1,1,,A,402E34iuq8D2`PGoPJNQwwG00D22,0*6F
!AIVDM,1,1,,B,13aKWv?P00PHjTJNK@0rkgwB20Ss,0*33
!AIVDM,1,1,,B,13aGFgSP02PGpJ6NQsjEEOwB20S1,0*26
!AIVDM,1,1,,A,402E34Quq8D2`PL;CNNVEEG008Gm,0*4E
!AIVDM,1,1,,B,13aMB<?01@PGePpNK<?craU<0HGp,0*09
!AIVDM,1,1,,A,13aGuu@P00PHpwfNKuu@0?w@2<1q,0*58
!AIVDM,1,1,,B,E>jN6<0W6@1WPab3bPa2@LtP0000:uoH?9Ur000003v010,4*27
!AIVDM,1,1,,B,13btD>00000GqIpNR>CVTneB0@H2,0*54
!AIVDM,1,1,,B,13c0aT00000HJJPNGeLWSriB08H5,0*61
!AIVDM,2,1,8,B,53`e=?D000010CS3S@0@F1I8TDpA<<P520P000002p232u5fS0S@BjmCH000,0*63
!AIVDM,2,2,8,B,00000000000,2*2F
!AIVDM,1,1,,B,13aGFRwP000HnkfNKlSnJ?wD0L1g,0*11
!AIVDM,1,1,,B,13aKWbOP000JV7nNL??P0?wB08H>,0*44
!AIVDM,1,1,,A,13aGDjCP00PHiQVNK9WsCgw>R6P8,0*30
!AIVDM,2,1,9,A,53bNqJ4000010KG;?>0P637F222222222222220N3882440Ht2UhA11CVQAH,0*6A
!AIVDM,2,2,9,A,5iDm8888880,2*58
!AIVDM,1,1,,A,13`va@0P00PHpK:NKngHJgwD2D2=,0*49
!AIVDM,1,1,,A,13aDA0PP00PHn42NKRGh0?wB2D1;,0*3E
!AIVDM,1,1,,B,16LWib003CPF5a8NT<u2P23B0<4A,0*33
!AIVDM,1,1,,B,33aGFROP000Ho;pNKmcr<?wD039A,0*66
!AIVDM,1,1,,B,13P;h8h02fPGM>hNbor9sWu<0D4<,0*05
!AIVDM,1,1,,B,13aBMu@P00PJK4JNEh4pAOwD2@H`,0*43
!AIVDM,1,1,,A,13`e=?HP00PHmH6NKBc00?wD26P8,0*74
!AIVDM,1,1,,B,13aGu6OP?w<tSF0l4Q@>4?wv0VP8,0*0B
!AIVDM,1,1,,A,13ktppP025PGQJpNbKe9n7mD0L3C,0*67
!AIVDM,1,1,,A,13aDBD0P00PHj0JNKB7@0?wD28Hn,0*4F
!AIVDM,2,1,0,A,53aGDjD000010CS;W810TEB0PDTp00000000000Q9h844tU<?00PAiDQCPS0,0*7F
!AIVDM,2,2,0,A,EEiDk1CRh00,2*1A
!AIVDM,1,1,,B,13brCD00000HtL:NKFdC@SIF2<1d,0*69
!AIVDM,1,1,,A,13aFgphP1EPHE<dNB`>W9OwF2<36,0*14
!AIVDM,1,1,,A,13aBJp7P@Q0GbL2NSibk;jSF0<1<,0*18
!AIVDM,1,1,,A,?0000M0rjB8PD00,2*10
!AIVDM,1,1,,B,13aDGp00000Gpq@NR;>kS`IF08I@,0*4C
!AIVDM,1,1,,A,13aFgJ?P00PHf8lNFsc@0?wF26P8,0*61
!AIVDM,1,1,,A,13aR>V0000PHifpNK;?rn:;F2HIH,0*39
!AIVDM,1,1,,A,13aGuE@P00PJKghNTidc6gwH28IL,0*69
!AIVDM,1,1,,B,13aGCN8P00PHj7nNKB@teOwH28IL,0*26
!AIVDM,1,1,,A,33`naR?00J0Jc:>N`evsWpsF00g0,0*78
!AIVDM,1,1,,A,13aJH>OP00PGpW:NR0AJ7gwH28IN,0*29
!AIVDM,1,1,,A,13aL>vwP00PIMt<NKaI00?wF2<0?,0*58
!AIVDM,1,1,,A,83aGDj@j2d<dd=<<ticPghQP0100,0*79
!AIVDM,1,1,,B,13aI;8gP00PHf0@NFt7@0?wF2HIQ,0*62
!AIVDM,1,1,,B,13aKV4OP00PJb?VNHTF00?wF20S3,0*19
!AIVDM,1,1,,A,13`qM>8P@TPGDBJNSP4BlR;H0@IW,0*79
!AIVDM,1,1,,B,14h?6j003E0GI:FNWAVRijAH0<59,0*49
!AIVDM,1,1,,A,13aEQuOP00PHiw0NKCSP0?wH2HIl,0*27
!AIVDM,1,1,,A,13aBLqgP00PHpSpNKQTh0?wH28Io,0*32
!AIVDM,1,1,,A,13aJGAwP12PJ:rDNE6mpvOwH26P8,0*71
!AIVDM,2,1,1,B,53`kEsl000010KG7OH1aL44q@`D00000000000150hR33vfd00R3kAH4miAE,0*09
!AIVDM,2,2,1,B,823kA@00000,2*75
!AIVDM,1,1,,A,15C3:600000GokHNQuG9P4CJ0<0j,0*4A
!AIVDM,1,1,,A,13P<QQ@0000Hdf@NFpSPTrSH06P8,0*2A
!AIVDM,1,1,,B,13cLV`0PA00HJq`NGlQ8QngJ06P8,0*7C
!AIVDM,1,1,,A,13aGtD@P?w<tSF0l4Q@>4?wv0VP8,0*74
!AIVDM,1,1,,A,13aph000000GrDJNGNQRimaJ08JC,0*0C
!AIVDM,1,1,,B,13aI9j8P00PHisNNKG8P0?wH2D11,0*14
!AIVDM,1,1,,A,13b=DJ0P000Gp?nNQusqVOwJ28JF,0*09
!AIVDM,1,1,,B,83`e=?@j2d<dd=dNMhOpIP6@45@0,0*7A
!AIVDM,1,1,,B,13aN1EgP0LPHBTBNI?CumOwJ28JN,0*64
!AIVDM,1,1,,A,E02E340W6@1WPab3bPa200000000:uoH?9Ur000003v010,4*5C
!AIVDM,1,1,,A,13aB:Hhu@0PHjE8NKJidQiwJ0PSj,0*09
!AIVDM,1,1,,B,13aIkM@P00PJ@oPNL=c@0?wJ26P8,0*1E
!AIVDM,1,1,,B,13aJG1wP?w<tSF0l4Q@>4?wv0pJf,0*69
!AIVDM,1,1,,B,13aGuEPP00PJL38NTkWqBwwL2@Jg,0*6A
!AIVDM,1,1,,A,13aL<SPP00PJG<BNKuc@0?wJ2L1n,0*05
!AIVDM,1,1,,B,13aDr68P00PHj3<NKAJ@0?wJ20Sp,0*0E
!AIVDM,2,1,2,B,53aJJND000010CSW3<1`DDPtpB2222200000001510I44ujC008000000000,0*6D
!AIVDM,2,2,2,B,00000000008,2*2D
!AIVDM,1,1,,B,13`vB;pP00PHML@NGIFPGwwL26P8,0*00
!AIVDM,1,1,,B,33`qM>800UPGDCJNSP62g2;L01qh,0*03
!AIVDM,2,1,3,A,53aR>V01>`cI0E<d000Pthh4p@0000000000000l2`T5556gN9B0DS2CQiCP,0*75
!AIVDM,2,2,3,A,00000000000,2*27
!AIVDM,1,1,,B,13IOOb002<0HB0@NcIK9s7qH0HK7,0*27
!AIVDM,1,1,,B,83aJJN@j2ddtMfMM00a@`@O50000,0*3D
!AIVDM,1,1,,A,33aKU5E000PHpl0NKsRjRPgH0Dg:,0*67
!AIVDM,1,1,,B,13a5jB0P000GoWpNQuqh0?wF08K?,0*35
!AIVDM,2,1,4,A,53aJJND000010CSW3<1`DDPtpB2222200000001510I44ujC008000000000,0*68
!AIVDM,2,2,4,A,00000000008,2*28
!AIVDM,1,1,,A,15C78000000Gog`NQun8qm?N08KF,0*15
!AIVDM,1,1,,A,15Q:RP002i0FGdhN`WaafWkJ06P8,0*2A
!AIVDM,1,1,,A,13aI;8wP00PHJB>NGgKh0?wL26P8,0*13
!AIVDM,1,1,,B,83`kEshj2d<dtNNLuPj0L@O03hl0,0*2C
!AIVDM,1,1,,B,13a1lH?P?w<tSF0l4Q@>4?wv0PSa,0*36
!AIVDM,1,1,,A,16LWib003CPF5o<NT=MRP23N08Ke,0*30
!AIVDM,1,1,,B,13aetV7P0LPHII6NL3JCmwwN28Ke,0*0B
!AIVDM,1,1,,A,13a?OH?00QPH@F4NLrF5Bl9P00S>,0*10
!AIVDM,1,1,,B,13aL>Dg000PGa@dNKgcn2lWN0<0`,0*01
!AIVDM,1,1,,B,13aGtCgP00PHi0dNK@eh0?wN2S6f,0*6B
!AIVDM,1,1,,A,15E<fj002UPI`UDNbk?jhj;P0<4=,0*26
!AIVDM,1,1,,B,13MhDV001b0EU<<NSMo08;9R2<2A,0*79
!AIVDM,1,1,,B,13`fJDh0000Epm8NE2T3Ib1J06P8,0*47
!AIVDM,1,1,,B,13aDrkOP00PHi>tNKB0EpgwN20Rr,0*01
!AIVDM,1,1,,B,13aGvAh0010I0wRNQQvpgmsP0<32,0*6F
!AIVDM,1,1,,A,13`t=00PAGPHBDHNQ=39woqNP8L0,0*16
!AIVDM,1,1,,A,13P;h8h1BfPGLupNboQ9tWuJ08L1,0*7E
!AIVDM,1,1,,A,13aGE00P00PGp02NQupas?wP26P8,0*0E
!AIVDM,1,1,,B,13aGsMPP0TPIv<:N?CkGo?wN2Kvu,0*3F
!AIVDM,1,1,,A,E02E340W6@1WPab3bPa200000000:uoH?9Ur000003v010,4*5C
!AIVDM,1,1,,B,13aBLqhP000JbdnNLCs@0?wLP@L>,0*37
!AIVDM,1,1,,B,13b<2H7000PHkH2NKT85HhaP0<2j,0*14
!AIVDM,1,1,,A,13aFh>?0010IvnrNSnnVsaGR0<2g,0*5D
!AIVDM,1,1,,B,13bjvT?0000H56<NQgi1Gb5N00S7,0*5F
!AIVDM,1,1,,A,E02E381`60b37a6h6Lh@@@@@@@@0;FdI?Ede`00003v000,4*39
!AIVDM,1,1,,B,13aC2`wP02PHJLvNGdrGcOwR28LL,0*41
!AIVDM,1,1,,A,13aDBd8P00PHiwBNKC1h0?wP28LR,0*28
!AIVDM,1,1,,B,13u7M`002D0F2adNcAR@J0;P0VP8,0*1E
!AIVDM,2,1,5,B,53aL?>D000010GWS;@0h59E<000000000000001500000t0Ht0UhA11CVQA@,0*2C
!AIVDM,2,2,5,B,00000000000,2*22
!AIVDM,1,1,,B,13aGFvwP00PHi3>NKCMh0?wP20SO,0*3F
!AIVDM,1,1,,A,13aEQ;0P00PHRqdN@Ww9rOwR2D0g,0*7B
!AIVDM,1,1,,B,102EFW3P000Hk`tNK`LqUwwR26P8,0*15
!AIVDM,1,1,,A,19NS5;?P000F7MbNPwIqROwR2D3e,0*75
!AIVDM,1,1,,B,13aEOEPP00PHm?@NK`gsB?vh2<1H,0*66
!AIVDM,1,1,,B,13aIi0gP00PHkHdNKQLpgOwT2<1F,0*24
!AIVDM,1,1,,A,13c1LF0P0U0Hlk2NR@7u9?wP08Lp,0*3F
!AIVDM,1,1,,A,13aENfwP00PHi8jNK?GF?wwR26P8,0*16
!AIVDM,1,1,,A,13aJJNOP000JKIBNTj?00?wR00Rs,0*5A
!AIVDM,1,1,,A,13bh6v70000HjCtNKOCIfTsT08M5,0*69
!AIVDM,1,1,,A,13b<Q`700S0J9`dNWoBk`2kP0<0g,0*05
!AIVDM,1,1,,A,33`qM>800TPGDELNSP92ij9T00s0,0*19
!AIVDM,2,1,6,B,53aFgpl000010KWWOV1`4p@EQ18E>3F22222220Q9h86340Ht00000000000,0*68
!AIVDM,2,2,6,B,00000000000,2*21
!AIVDM,1,1,,A,13`gh8700JPIo5nNWmLbhpeT0D1V,0*43
!AIVDM,1,1,,A,13aI8e?P00PGpULNR6th0?wT20R7,0*3D
!AIVDM,1,1,,B,E>jN6<0W6@1WPab3bPa2@LtP0000:uoH?9Ur000003v010,4*27
!AIVDM,1,1,,A,14h?6j003E0GIKrNWB3BijAT0@MH,0*10
!AIVDM,1,1,,A,13aGD7pP0@0Ho@rNKnAB4gwL2HMM,0*7E
!AIVDM,1,1,,B,13`uO2700KPHLkfNL1fSu3;V08MO,0*4D
!AIVDM,1,1,,A,13aL?>HP00PHj5PNKAH00?wT28MR,0*02
!AIVDM,1,1,,B,13`va@0P00PHpK:NKnhHLgwV2<2=,0*29
!AIVDM,1,1,,B,402E34iuq8D2jPGoPJNQwwG00D22,0*66
!AIVDM,1,1,,A,13aKWv?P00PHjTJNK@0:l?wV2<1F,0*68
!AIVDM,1,1,,B,402E34Quq8D2jPL;CNNVEEG008Md,0*44
!AIVDM,1,1,,B,13aGDjCP00PHiQPNK9WsCgwPR0SU,0*33
!AIVDM,2,1,7,A,53cLV`4000010OC3;61@RoB0DhU`48E@R222220N3H3516h`034jCU80CSPC,0*08
!AIVDM,2,2,7,A,0CQ88888880,2*39
!AIVDM,1,1,,B,E>jN6<0W6@1WPab3bPa2@LtP0000:uoH?9Ur000003v010,4*27
!AIVDM,1,1,,B,13bQtf?P000HetjNFsi9egw`26P8,0*38
!AIVDM,1,1,,B,13aDA0PP00PHn46NKRGh0?wV28N5,0*20
!AIVDM,1,1,,A,13aMB<?01@PGeFbNK<kKraUR0<1n,0*00
!AIVDM,1,1,,A,13btD>00000GqInNR>CkGFeV0@N>,0*51
!AIVDM,1,1,,B,13aGuu@P00PHpwfNKusR6OwV2@N?,0*62
!AIVDM,1,1,,A,13aGFgSP02PGpJJNQsj5dgw`26P8,0*0E
!AIVDM,1,1,,B,13aKVPHP00PHj5RNK8GP0?wV26P8,0*6E
!AIVDM,1,1,,A,13bb0F?00D0Gh5<NTG`ri8Q`0D1;,0*6E
!AIVDM,1,1,,A,13c0aT00000HJJNNGeLa4Jk`00SI,0*5A
!AIVDM,1,1,,A,13aGFROP000Ho<2NKmeJ=Ow`08NI,0*3D
!AIVDM,1,1,,A,13aGFRwP000Hnl:NKlRqR?w`00SI,0*5B
!AIVDM,1,1,,B,13`e=?HP00PHmH:NKBc00?wV20SH,0*1C
!AIVDM,1,1,,A,13aBMu@P00PJK4PNEh4@0?w`2<1M,0*67
!AIVDM,1,1,,B,13aGuE@P00PJKgbNTicK0?wb26P8,0*58
!AIVDM,2,1,8,A,53aN2dT2CThi08@R22048U>0AE<5HTf2222222162QK8951g0<li@H54R@C4,0*02
!AIVDM,2,2,8,A,p20DS2CQiCP,2*23
!AIVDM,1,1,,A,13brCD00000HtL<NKFck@SI`26P8,0*52
!AIVDM,1,1,,B,13`qM>800TPGDFLNSP:ji2;b0D1s,0*59
!AIVDM,1,1,,B,13aBJp700Q0GbPJNSifS;jUb00SG,0*64
!AIVDM,1,1,,A,13aDGp00000Gpq@NR;>qf`Ib0D2S,0*50
!AIVDM,1,1,,B,83aL?>@j2d<dd<MedPQ0K@O03M00,0*09
!AIVDM,1,1,,B,33aFgphP1E0HE;LNBWEG9Owb004A,0*5C
!AIVDM,1,1,,B,13aEQuOP00PHivtNKCSP0?w`20SQ,0*16
!AIVDM,1,1,,B,13aFgJ?P00PHf8fNFsc00?w`2<3V,0*39
!AIVDM,1,1,,B,83aFgphj2d<dd=MN>@000@QU0000,0*42
!AIVDM,1,1,,A,13bt8P0P000HfWBNBq5pmgw`2<0L,0*66
!AIVDM,1,1,,B,13P;h8h1BfPGLiHNboDatWuT0<4>,0*79
!AIVDM,1,1,,A,13IOOb002<0HAkhNcI29i7qV00Rk,0*14
!AIVDM,1,1,,B,13aJH>OP00PGpWhNR0CJ9gwd26P8,0*39
!AIVDM,1,1,,B,13aDBD0P00PHj0dNKB:@0?wb28OA,0*61
!AIVDM,1,1,,B,13bAqH?00HPK4m<N`ckJS87b08OD,0*65
!AIVDM,1,1,,B,13P<QQ@0000Hdg2NFpQ0OJSb00S9,0*35
!AIVDM,1,1,,A,33`iAj5P010G494NBORU8Owb0Dbb,0*7C
!AIVDM,1,1,,B,13b`Bv5P1<PHUeTNI5Sv0?wb2D1j,0*25
!AIVDM,1,1,,A,13aGCN8P00PHj7jNKB?dVOwd2@OK,0*28
!AIVDM,1,1,,A,?0000M0rEwE@D00,2*67
!AIVDM,1,1,,A,13cLV`0P@w0HJl`NGl1pNnUd0D2D,0*63
!AIVDM,1,1,,B,13aBLqgP00PHpT0NKQd@0?wb28OT,0*79
!AIVDM,1,1,,B,13aGtD@P?w<tSF0l4Q@>4?wv13l:,0*2D
!AIVDM,1,1,,B,33cLV`0P@w0HJl`NGl1pMnUd00NP,0*7D
!AIVDM,1,1,,B,15C3:600000GokdNQuG9P4Ef00Ru,0*3E
!AIVDM,1,1,,A,13aI9j8P00PHisPNKG8@0?wd2@Om,0*13
!AIVDM,1,1,,B,13b=DJ0P000Gp@FNQunab?wf2@Op,0*73
!AIVDM,1,1,,B,13aR>V0000PHig<NK;>Jn:;f2D1c,0*31
!AIVDM,1,1,,A,13aIi<0P00PJKPhNTjah0?wd28Ou,0*05
!AIVDM,1,1,,B,4h2E:wAuq8D2mPG6I@NBHuQ02@Ou,0*15
!AIVDM,1,1,,A,13u7M`002D0F2d4NcBO0JP9d0`Ow,0*16
$GPGLL,5310.81258,N,00525.70578,E,200254.00,A,D*63
!AIVDM,1,1,,A,33cLV`0P@w0HJl8NGkvHMnUf00nP,0*7C
$GPGBS,200254.00,2.8,2.1,4.4,,,,*49
!AIVDM,1,1,,B,13aL>vwP00PIMt4NKaHP0?wd28P3,0*78
!AIVDM,1,1,,A,13`j7c0wP1PG?:8NOgf:D4Gf00S2,0*7C
!AIVDM,1,1,,A,13aL?0W00OPJN<DNaORQhQ3d0D16,0*4C
$GPRMC,200255.00,A,5310.81257,N,00525.70577,E,0.021,,160414,,,D*7E
!AIVDM,1,1,,A,E02E340W6@1WPab3bPa200000000:uoH?9Ur000003v010,4*5C
$GPGGA,200255.00,5310.81257,N,00525.70577,E,2,09,1.12,3.5,M,45.7,M,,0000*5A
!AIVDM,1,1,,B,13aGua?P00PHfETNFruh0?wf2HPL,0*0A
!AIVDM,1,1,,A,13aJG1wP?w<tSF0l4Q@>4?wv0VP8,0*08
!AIVDM,2,1,9,B,54SNn:42ANlqK8HCF20LE8P58B0N222222222216<P>4:4TB09R0DS2CQiC`,0*40
!AIVDM,2,2,9,B,88888888880,2*2E
$GPGLL,5310.81257,N,00525.70577,E,200255.00,A,D*62
!AIVDM,1,1,,B,13aL<SPP00PJG<LNKucP0?wf2<1n,0*44
$GPGBS,200255.00,2.8,2.1,4.4,,,,*48
!AIVDM,1,1,,B,14h?6j003E0GIePNWBPBiRAh08Pa,0*34
!AIVDO,1,1,,,B3`hBQh0086=Ui7VpAsQ3wsUoP06,0*41
!AIVDM,1,1,,A,13aJGrOP00PGpg>NR9g00?wf28Pg,0*4A
!AIVDM,1,1,,B,E02E381`60b37a6h6Lh@@@@@@@@0;FdI?Ede`00003v000,4*3A
!AIVDM,1,1,,B,33a?OH?00QPH@HfNLr8ECD7h04vC,0*00
$GPRMC,200256.00,A,5310.81255,N,00525.70577,E,0.011,,160414,,,D*7C
!AIVDM,1,1,,B,15C78000000GogjNQulpeE?h00SN,0*54
!AIVDM,1,1,,A,13aetV7P0LPHILFNL3I3lwwh28Pr,0*25
$GPGGA,200256.00,5310.81255,N,00525.70577,E,2,09,1.12,3.6,M,45.7,M,,0000*58
!AIVDM,1,1,,A,13aDr68P00PHj3:NKAHh0?wh2L1=,0*50
!AIVDM,1,1,,B,13aB:Hht@0PHjE8NKJiARiwf0hQ0,0*61
!AIVDM,1,1,,A,13`vB;pP00PHML>NGIH0Hgwh28Q5,0*2A
$GPGLL,5310.81255,N,00525.70577,E,200256.00,A,D*63
$GPGBS,200256.00,2.8,2.1,4.4,,,,*4B
!AIVDM,1,1,,A,13aFfb0P00PJgPvNFp900?wh20S;,0*37
!AIVDM,1,1,,B,13a6ld00000Hpm@NL1V009gj08QC,0*16
!AIVDM,1,1,,A,13b<2H7000PHkH6NKT8G5hah08QE,0*6C
!AIVDM,1,1,,B,13a@F4?00KPHESNNU`;Rw27h0HQH,0*29
!AIVDM,1,1,,A,13aC2`wP02PHJM<NGdqnnwwj2D2W,0*37
!AIVDM,1,1,,A,13aGuEPP00PJL3BNTkVaBwwj2@QM,0*15
$GPRMC,200257.00,A,5310.81255,N,00525.70577,E,0.023,,160414,,,D*7C
!AIVDM,1,1,,B,13aGE00P00PGp04NQuqarwwj20SB,0*06
$GPGGA,200257.00,5310.81255,N,00525.70577,E,2,09,1.12,3.6,M,45.7,M,,0000*59
!AIVDM,1,1,,B,33cLV`0P@u0HJj`NGkl8JnUl01t@,0*4F
!AIVDM,1,1,,A,13a5jB0P000GoWpNQuqh0?wb06P8,0*00
!AIVDM,1,1,,A,13aGtCgP00PHi0dNK@fP0?wj26P8,0*2A
!AIVDM,1,1,,A,13aL>Dg000PGa@dNKgd62lWj0<0`,0*79
!AIVDM,1,1,,B,13aI;8wP00PHJB:NGgL@0?wj28Qe,0*4F
!AIVDM,1,1,,B,B3aBNK@0006<MkWVjSd03wtUkP06,0*1A
$GPGLL,5310.81255,N,00525.70577,E,200257.00,A,D*62
!AIVDM,1,1,,A,15Q:RP002i0FG?HN`VjafWih0<<P,0*75
!AIVDM,1,1,,A,13aBLqhP000JbdnNLCs@0?whPHQi,0*52
!AIVDM,1,1,,B,E02E381`60b37a6h6Lh@@@@@@@@0;FdI?Ede`00003v000,4*3A
$GPGBS,200257.00,2.8,2.1,4.4,,,,*4A
!AIVDM,1,1,,A,13`fJDh0000Epm8NE2T3Ib1f0D<H,0*06
!AIVDO,1,1,,,B3`hBQh0086=Ui7VpAsQ3wtUoP06,0*46
!AIVDM,1,1,,B,13`t=0001GPHB8:NQ<j9pokjP8Qo,0*28
!AIVDM,1,1,,A,13aDrkOP00PHi>tNKB0Epgwj20Rg,0*33
!AIVDM,1,1,,A,102EFW3P000Hk`pNK`L9U?wl2@Qs,0*10
!AIVDM,1,1,,A,13`naR?00E0Jc5<N`f9K:psl0<18,0*19
$GPRMC,200258.00,A,5310.81253,N,00525.70577,E,0.009,,160414,,,D*7D
$GPGGA,200258.00,5310.81253,N,00525.70577,E,2,09,1.12,3.6,M,45.7,M,,0000*50
!AIVDM,1,1,,B,13aDBd8P00PHiwFNKC1h0?wl20RV,0*01
!AIVDM,1,1,,A,13a1lH?P?w<tSF0l4Q@>4?wv0D0T,0*77
!AIVDM,2,1,0,A,54hAmI40?LR1`LA;J21LU=22222222222222220T2PK334vB0<4i@E4PBC4p,0*0E
!AIVDM,2,2,0,A,88888888880,2*24
$GPGLL,5310.81253,N,00525.70577,E,200258.00,A,D*6B
$GPGBS,200258.00,2.8,2.1,4.4,,,,*45
!AIVDM,1,1,,B,13aENfwP00PHi96NK?Dh0?wl2<0t,0*3A
!AIVDM,1,1,,A,13bjvT?0000H56<NQgiQGb3l08RP,0*76
!AIVDM,1,1,,B,13b<Q`700S0J9e:NWoCCQRkj0D0f,0*66
!AIVDM,1,1,,B,13aI8e?P00PGpUNNR6t@0?wl2@RQ,0*3A
!AIVDM,1,1,,B,33aJJNOP000JKIFNTj>h0?wn0=h3,0*4D
$GPRMC,200259.00,A,5310.81254,N,00525.70576,E,0.014,,160414,,,D*76
!AIVDM,1,1,,B,13bh6v70000HjCvNKOC:SDqn08Rd,0*48
!AIVDM,1,1,,A,13aIi0gP00PHkHlNKQNHh?v020S?,0*18
$GPGGA,200259.00,5310.81254,N,00525.70576,E,2,09,1.12,3.5,M,45.7,M,,0000*54
!AIVDM,1,1,,A,13aGFvwP00PHi3PNKCOP0?wn28Rg,0*77
!AIVDM,1,1,,B,13c1LF0P0W0Hli0NR@Oe>gwl08Rg,0*3C
!AIVDM,1,1,,A,15E<fj002UPIa0TNbkuRhj:008Rq,0*6F
$GPGLL,5310.81254,N,00525.70576,E,200259.00,A,D*6C
$GPGBS,200259.00,2.8,2.1,4.4,,,,*44
!AIVDM,1,1,,A,13aEOEPP00PHm?RNK`iK>?w426P8,0*7B
!AIVDO,1,1,,,B3`hBQh0086=Ui7VpAoQ3wuUoP06,0*5B
!AIVDM,1,1,,A,16LWib003CPF6JlNT>c2P23n08S4,0*62
!AIVDM,1,1,,B,13aKWbOP000JV7FNL?FP0?wn06P8,0*29
!AIVDM,1,1,,B,E>jN6<0W6@1WPab3bPa2@LtP0000:uoH?9Ur000003v010,4*27
$GPRMC,200300.00,A,5310.81254,N,00525.70577,E,0.004,,160414,,,D*7B
$GPGGA,200300.00,5310.81254,N,00525.70577,E,2,09,1.12,3.5,M,45.7,M,,0000*58
!AIVDM,1,1,,B,13:krn000a0HKhtNGs=`Gnol0<2?,0*18
!AIVDM,1,1,,A,33cLV`0P@t0HJi<NGka`I6N201<@,0*11
!AIVDM,1,1,,A,402E34iuq8D30PGoPJNQwwG00@0E,0*4F
$GPGLL,5310.81254,N,00525.70577,E,200300.00,A,D*60
!AIVDM,1,1,,A,402E34Quq8D30PL;CNNVEEG006P<,0*57
$GPGBS,200300.00,2.8,2.1,4.4,,,,*49
!AIVDM,1,1,,A,13aGDjCP00PHiQPNK9WsCgwlR<1P,0*67
!AIVDM,1,1,,B,13u7M`002C0F2fFNcCKhHh800PS6,0*3D
!AIVDM,1,1,,A,13aGF=8P00PGp``NR8bh0?v020Rw,0*36
!AIVDM,1,1,,B,33aGD7pP0@0Ho?pNKn;B4gwh22ci,0*2C
!AIVDM,1,1,,A,13`uO2700KPHLorNL1bCuS:20@0P,0*55
!AIVDM,1,1,,B,13aL?>HP00PHj4pNKAGh0?v0280Q,0*6C
!AIVDM,1,1,,A,13bE@>7P0P0JT5`N`a63a?v00L3:,0*26
!AIVDM,1,1,,A,?02E3:0rEmUDD00,2*6A
!AIVDM,2,1,1,B,53aGFRD000010GGW?20`DpqV222222222222220l0P@3340Ht020EQCUiDRp,0*04
!AIVDM,2,2,1,B,88888888880,2*26
!AIVDM,1,1,,A,13aDA0PP00PHn4BNKRG00?v2280V,0*77
!AIVDM,1,1,,A,13bQtf?P000HeslNFt8qjOv22<1<,0*3F
!AIVDM,1,1,,B,13b?AJ7P0R0J3G@NV1w3jgv000SV,0*19
$GPRMC,200301.00,A,5310.81253,N,00525.70578,E,0.013,,160414,,,D*74
!AIVDM,1,1,,B,13aGu6OP?w<tSF0l4Q@>4?wv0h0c,0*0E
!AIVDM,1,1,,B,13aGFRwP000HnltNKlRjCgv20<1g,0*57
!AIVDM,1,1,,A,13aKVPHP00PHj5LNK8G@0?v2280e,0*35
$GPGGA,200301.00,5310.81253,N,00525.70578,E,2,09,1.12,3.4,M,45.7,M,,0000*50
!AIVDM,1,1,,B,E>jN6<0W6@1WPab3bPa2@LtP0000:uoH?9Ur000003v010,4*27
!AIVDM,1,1,,A,13`va@0P00PHpK>NKni`Sgv42D2=,0*03
!AIVDM,1,1,,A,13aGuu@P00PHpwjNKut@0?v22<1k,0*3C
!AIVDM,1,1,,B,13aKWv?P00PHjTbNK?wbi?v420SE,0*28
$GPGLL,5310.81253,N,00525.70578,E,200301.00,A,D*69
$GPGBS,200301.00,2.8,2.1,4.4,,,,*48
!AIVDM,1,1,,B,13brCD00000HtL@NKFc3@SH42@12,0*3D
!AIVDO,1,1,,,B3`hBQh0086=Ui7VpAoQ3wPUoP06,0*7E
!AIVDM,1,1,,B,13aMB<?01@PGe=FNK=D;u9an00RB,0*16
!AIVDM,1,1,,B,13aGFROP000Ho=@NKmar??v40D2A,0*5E
!AIVDM,1,1,,A,13`qM>800UPGDKNNSPDBjR<40<1s,0*48
!AIVDM,1,1,,B,13btD>00000GqIfNR>CEPnd40L0F,0*22
!AIVDM,1,1,,A,?0000M0pI7IPD00,2*35
$GPRMC,200302.00,A,5310.81254,N,00525.70576,E,0.014,,160414,,,D*79
!AIVDM,1,1,,A,13aDBD0P00PHj0pNKB<h0?v42D2m,0*22
!AIVDM,1,1,,A,13aFgphP1E0HE:pNBVP79Ov40@1B,0*25
!AIVDM,1,1,,B,B3@CG200006;e?7Tfs403wPUkP06,0*7B
$GPGGA,200302.00,5310.81254,N,00525.70576,E,2,09,1.12,3.2,M,45.7,M,,0000*5C
!AIVDM,1,1,,B,13c0aT00000HJJNNGeL`Ebj60<1B,0*33
!AIVDM,1,1,,A,33buBf50010HnwNNKkacrUv42000,0*35
!AIVDM,1,1,,A,13aBLqgP00PHpSFNKQg@0?v4281J,0*3F
!AIVDM,1,1,,A,13`e=?HP00PHmH<NKBbh0?v42@1K,0*32
!AIVDM,1,1,,B,13aGCN8P00PHj7fNKB>LS?v62<1Q,0*30
$GPGLL,5310.81254,N,00525.70576,E,200302.00,A,D*63
!AIVDM,1,1,,A,14h?6j003E0GJ20NWC1jij@606P<,0*7F
!AIVDM,1,1,,A,13aJH>OP00PGp`0NR0Cr9gv620SQ,0*52
!AIVDM,1,1,,B,83aJJN@j2ddtMfMM00a@`@O50000,0*3D
$GPGBS,200302.00,2.8,2.1,4.4,,,,*4B
!AIVDM,2,1,2,A,53:krn41w1Ti3<<;R210DTddv22222222222221688B:158<N82hCD1C`888,0*61
!AIVDM,2,2,2,A,88888888880,2*26
!AIVDM,1,1,,A,13aEQuOP00PHivjNKCSP0?v42@1V,0*4B
!AIVDM,1,1,,B,D02E350m`g6D000000000000000,2*3A
!AIVDM,2,1,3,A,53a6ld02<DgI0<Q@000lpv1`DE`4p@000000001690:384000<tP00000000,0*4B
!AIVDM,2,2,3,A,00000000000,2*27
!AIVDM,1,1,,B,B3`fFM@0006:We7UfC003wQ5kP06,0*4D
$GPRMC,200303.00,A,5310.81256,N,00525.70578,E,0.017,,160414,,,D*77
$GPGGA,200303.00,5310.81256,N,00525.70578,E,2,09,1.12,3.2,M,45.7,M,,0000*51
!AIVDM,1,1,,A,13bAqH?00HPK4inN`chr?8660D3`,0*16
!AIVDM,1,1,,B,83aGFR@j2d<d<=N>N0000?`50000,0*6D
!AIVDM,1,1,,A,13aJGAwP12PJ:crNE5q8twv62@1v,0*1D
!AIVDM,1,1,,A,13aR>V02h0PHig:NK;>:n:<826P<,0*0B
!AIVDM,1,1,,A,13aGuE@P00PJKgtNTibbnOv82<4v,0*30
$GPGLL,5310.81256,N,00525.70578,E,200303.00,A,D*6E
!AIVDM,1,1,,B,33aIhgEP00PHjSLNK@;h0?v62Dfr,0*41
$GPGBS,200303.00,2.8,2.1,4.4,,,,*4A
!AIVDM,1,1,,A,13b=DJ0P00PGp@NNQunaWwv82D2a,0*52
!AIVDM,1,1,,B,E02E381`60b37a6h6Lh@@@@@@@@0;FdI?Ede`00003v000,4*3A
!AIVDO,1,1,,,B3`hBQh0086=Ui7VpAsQ3wQUoP06,0*63
!AIVDM,1,1,,A,13aph000000GrDLNGNRDTEb800Si,0*40
!AIVDM,1,1,,A,83aI;8Pj2P00000000QhI@O54400,0*14
!AIVDM,1,1,,B,13u7M`002D0F2gPNcCu0H@860PSE,0*16
!AIVDM,1,1,,B,13bt8P0P000HfW6NBq68mgv6282E,0*02
!AIVDM,1,1,,B,13aI9j8P00PHisLNKG7h0?v82H2I,0*27
$GPRMC,200304.00,A,5310.81258,N,00525.70576,E,0.064,,160414,,,D*74
!AIVDM,2,1,4,B,53aQvv01?OV=0H<:22059@DlU>2222222222220T6@93462B:8P000000000,0*77
!AIVDM,2,2,4,B,00000000000,2*23
$GPGGA,200304.00,5310.81258,N,00525.70576,E,2,09,1.12,3.2,M,45.7,M,,0000*56
!AIVDM,1,1,,A,13b`Bv5P1;PHUfFNI6Hh>Ov820R6,0*58
!AIVDM,1,1,,A,13aFgJ?P00PHf8hNFsah0?v820S2,0*3F
!AIVDM,1,1,,A,13aL<SPP00PJG<8NKudP0?v82@2`,0*1A
!AIVDM,1,1,,B,13aIi<0P00PJKPfNTja@0?v820S8,0*24
$GPGLL,5310.81258,N,00525.70576,E,200304.00,A,D*69
$GPGBS,200304.00,2.8,2.1,4.4,,,,*4D
!AIVDM,1,1,,B,13aIkM@P00PJ@oJNL=cP0?v826P<,0*63
!AIVDM,1,1,,A,13aB:Hh1@0PHjE6NKJiCe1v80`2n,0*2E
!AIVDM,1,1,,A,13P<QQ@0000HdfRNFpQPK:R80<1V,0*19
!AIVDM,1,1,,B,13aL?0W00PPJN?fNaOjAhQ0:00T9,0*1A
$GPRMC,200305.00,A,5310.81261,N,00525.70578,E,0.008,,160414,,,D*7B
!AIVDM,1,1,,B,13cLV`0P@s0HJg@NGkL8HVF:0830,0*07
!AIVDM,1,1,,B,13P;h8h02fPGLCHNbnnauov40<3u,0*1F
$GPGGA,200305.00,5310.81261,N,00525.70578,E,2,09,1.13,3.1,M,45.7,M,,0000*51
!AIVDM,1,1,,A,E02E340W6@1WPab3bPa200000000:uoH?9Ur000003v010,4*5C
!AIVDM,1,1,,B,13aJGrOP00PGpgDNR9g00?v:20RN,0*4D
!AIVDM,1,1,,A,E02E340W6@1WPab3bPa200000000:uoH?9Ur000003v010,4*5C
!AIVDM,1,1,,B,13`j7c00P0PG?:8NOgf2K4F<083=,0*02
!AIVDM,1,1,,A,13a6ld00000Hpm@NL1V009f<0@3>,0*25
$GPGLL,5310.81261,N,00525.70578,E,200305.00,A,D*6C
!AIVDM,1,1,,B,16LWib003CPF6cHNT?@RP22:06P<,0*7E
!AIVDM,1,1,,B,?0000M0rDkJPD00,2*66
$GPGBS,200305.00,2.8,2.1,4.4,,,,*4C
!AIVDM,1,1,,B,15E<fj002UPIa><NblDRhR:<00Rf,0*17
!AIVDM,1,1,,B,13aFfb0P00PJgQ2NFp8P0?v:283I,0*59
!AIVDM,1,1,,B,13aJG1wP?w<tSF0l4Q@>4?wv0VP<,0*0F
!AIVDO,1,1,,,B3`hBQh0086=Ui7VpAsQ3wRUoP06,0*60
!AIVDM,1,1,,A,13`rcF?P000HRktN@b600?v80<18,0*67
!AIVDM,1,1,,B,13aDrkOP00PHi>tNKB0Epgv:2<1S,0*3A
$GPRMC,200306.00,A,5310.81263,N,00525.70578,E,0.034,,160414,,,D*75
!AIVDM,1,1,,B,13aDr68P00PHj34NKAHh0?v<26P<,0*12
!AIVDM,1,1,,B,13`vB;pP00PHML<NGIHPI?v<26P<,0*41
!AIVDM,1,1,,A,13aGua?P00PHfETNFrv00?v<26P<,0*07
$GPGGA,200306.00,5310.81263,N,00525.70578,E,2,09,1.13,3.0,M,45.7,M,,0000*51
!AIVDM,1,1,,A,13a0Bf700O0K1M0Nac`CB2B<06P<,0*15
!AIVDM,1,1,,B,13aN1EgP0L0HBS@NI@1udwv>26P<,0*2E
!AIVDM,1,1,,B,13aGvAh0000I0wLNQR0b2mr>0H3i,0*32
!AIVDM,1,1,,A,15C78000010GogtNQuk`rm>>0<2l,0*78
$GPGLL,5310.81263,N,00525.70578,E,200306.00,A,D*6D
!AIVDM,1,1,,A,13aI;8wP00PHJBBNGgKh0?v<26P<,0*1A
$GPGBS,200306.00,2.8,2.1,4.4,,,,*4F
!AIVDM,1,1,,A,13bNqJ0P1LPFn8NNK;F3igv>283s,0*67
!AIVDM,1,1,,A,H3aIhVA8t4p0000000000000000,2*00
!AIVDM,1,1,,A,13a?OH?00QPH@LLNLqoU@T4>0<1R,0*73
!AIVDM,1,1,,B,33aQvv5P000HiGhNK=mRKwv>0000,0*3D
!AIVDM,1,1,,A,13u7M`002C0F2hRNcDHPH08<0l2m,0*4A
!AIVDM,1,1,,B,B39k:bP0@8627KWWDnFqkwS5oP06,0*60
!AIVDM,1,1,,B,33IOOb002:0HAG`NcH@9n7p:0000,0*17
!AIVDM,1,1,,B,13aBLqhP000JbdnNLCs@0?v:P0Ss,0*62
!AIVDM,1,1,,B,13`fJDh0000Epm8NE2T3Ib0:00ST,0*5F
!AIVDM,1,1,,B,13aGtCgP00PHi0hNK@g00?v>2@48,0*03
$GPRMC,200307.00,A,5310.81264,N,00525.70579,E,0.006,,160414,,,D*73
!AIVDM,1,1,,B,13aL>Dg000PGa@tNKgdn2lV>0<0a,0*66
$GPGGA,200307.00,5310.81264,N,00525.70579,E,2,09,1.13,2.9,M,45.7,M,,0000*5E
!AIVDM,2,1,5,B,53bh6v4000010LtV221Dg;;N0u84p`F0p5=<5F0N3`84440Ht<P000000000,0*31
!AIVDM,2,2,5,B,00000000000,2*22
!AIVDM,1,1,,B,13aC2`wP00PHJMFNGdqFK?v@2L2W,0*2A
!AIVDM,1,1,,B,13a5jB0P000GoWpNQuqh0?v6084F,0*42
!AIVDM,1,1,,B,13aetV7P0LPHIQ>NL3ET5wv>284G,0*77
!AIVDM,1,1,,B,13b<2H7000PHkH<NKT76gP`>084H,0*4E
!AIVDM,2,1,6,B,53c1LF0000010@4N22099F3CR04A8T44r222220N3h37252d02PTUBCRDliH,0*01
!AIVDM,2,2,6,B,3S888888880,2*41
$GPGLL,5310.81264,N,00525.70579,E,200307.00,A,D*6A
!AIVDM,1,1,,A,33aGti@00`PJSWjNK`?rT`L>R00A,0*34
$GPGBS,200307.00,2.9,2.1,4.4,,,,*4F
!AIVDM,1,1,,A,13aFh>?0010Ivo4NSnnFI9F@0<2g,0*7B
!AIVDM,1,1,,A,H3aIhVDT0000000@8jnpo00`5220,0*6D
!AIVDM,1,1,,A,13aGE00P00PGp08NQuqqqOv@2<1<,0*19
!AIVDO,1,1,,,B3`hBQh0086=Ui7VpAsQ3wSUoP06,0*61
!AIVDM,1,1,,A,13`t=0001FPHAt>NQ<MIgWh>PD1`,0*5D
$GPRMC,200308.00,A,5310.81265,N,00525.70577,E,0.011,,160414,,,D*75
$GPGGA,200308.00,5310.81265,N,00525.70577,E,2,09,1.13,2.8,M,45.7,M,,0000*5F
!AIVDM,1,1,,B,13MhDV001b0EU>nNSP@P=K:B2@4n,0*48
!AIVDM,1,1,,A,13aDBd8P00PHiwBNKC0h0?v@26P<,0*44
!AIVDM,1,1,,B,13a1lH?P?w<tSF0l4Q@>4?wv06P<,0*0E
!AIVDM,1,1,,B,13aEOEPP00PHm?fNK`j;>?wF20Ru,0*04
!AIVDM,1,1,,B,13bjvT?0000H56NNQgkAGb2>06P<,0*26
!AIVDM,1,1,,A,?0000M0rDkJPD00,2*65
!AIVDM,1,1,,B,102EFW3P00PHk`fNK`HIRgvB20S1,0*51
!AIVDM,1,1,,A,13aJJNOP000JKIdNTj>@0?v@00Rg,0*0A
!AIVDM,1,1,,A,33cLV`0P@r0HJePNGk>pC6BB01o@,0*1D
$GPGLL,5310.81265,N,00525.70577,E,200308.00,A,D*6A
$GPGBS,200308.00,2.9,2.1,4.4,,,,*40
!AIVDM,1,1,,A,13bh6v70000HjD2NKOBu3TpB0L1Q,0*39
!AIVDM,1,1,,B,14h?6j003E0GJCTNWCMRjB@B0@56,0*6B
!AIVDM,1,1,,B,13aGFvwP00PHi3fNKCO00?v@20SU,0*36
!AIVDM,1,1,,A,13`gh8700IPInvnNWmPJi8bB085B,0*02
$GPRMC,200309.00,A,5310.81264,N,00525.70578,E,0.009,,160414,,,D*73
$GPGGA,200309.00,5310.81264,N,00525.70578,E,2,09,1.13,2.7,M,45.7,M,,0000*5F
!AIVDM,1,1,,A,19NS5;?P000F7M8NPwFaRwvD285U,0*55
!AIVDM,1,1,,B,E02E381`60b37a6h6Lh@@@@@@@@0;FdI?Ede`00003v000,4*3A
$GPGLL,5310.81264,N,00525.70578,E,200309.00,A,D*65
!AIVDM,1,1,,A,D02E34hA<g6D000000000000000,2*10
$GPGBS,200309.00,2.9,2.1,4.4,,,,*41
