!AIVDM,1,1,,B,13aENmgP1CPH`N`NJ2L0Mwwb2@Nj,0*00
!AIVDM,1,1,,A,33aI:?@P00PHq;fNL0@P0?w`2311,0*14
!AIVDM,1,1,,B,13aGra0P00PHid>NK9<2FOw`R61p,0*50
!AIVDM,1,1,,B,34h`9r50000HnN>NKhjLeq1`0P00,0*6C
!AIVDM,1,1,,A,13aFdiSP0IPHgF6NKEKVNwwdR@O>,0*6F
!AIVDM,1,1,,B,13brRt8P00PHj62NKD3@0?wb261p,0*62
!AIVDM,1,1,,B,13b=DJ0P2GPGidJNMO`lGwwd2D1u,0*62
!AIVDM,1,1,,A,13`va@0P00PHpHbNKnWuUOwd2<1I,0*07
!AIVDM,2,1,0,A,53brRt4000010SG;700iE@LE8@Tp4000000000153P615t0Ht0SCkjH4jC1C,0*1E
!AIVDM,2,2,0,A,`0000000001,2*75
!AIVDM,1,1,,A,83brRt0j2d<etMutthahO@O04400,0*13
!AIVDM,1,1,,A,13aDr:PP00PHn:>NKd<h0?wd28P5,0*7D
!AIVDM,1,1,,B,13aDBD0P00PHj0NNKB;GNgwd2@P8,0*73
!AIVDM,1,1,,B,13aI8h@P00PHhnbNKBT@0?wf20S5,0*1A
!AIVDM,2,1,1,B,53aGD7l000010COC;<0MDhJ0lE8U@0000000001S30841t@PJ00000000000,0*3C
!AIVDM,2,2,1,B,00000000002,2*24
!AIVDM,1,1,,B,13aGFRwP000Hnm:NKlils?wh0D1O,0*46
!AIVDM,1,1,,B,83aGD7hj2d<dd=MMv@`HI@UE0000,0*29
!AIVDM,1,1,,B,13aKUopP000Hf5tNFi9TA?wj00S=,0*49
!AIVDM,1,1,,A,13aJHJpP00PHjUfNK@;P0?wh2L0N,0*52
!AIVDM,1,1,,A,13aEOTgP00PHjGfNKLkeT?wj2@Q9,0*54
!AIVDM,1,1,,A,33aDrj@P?w<tSF0l4Q@>4?wvPS8A,0*29
!AIVDM,1,1,,A,33`vB1`P000HimvNKFr1Mgwl23p1,0*08
!AIVDO,1,1,,,B3`hBQh3wk?8mP=18D3Q3wv5kP06,0*5A
$AISSD,PD2366@,MERRIMAC@@@@@@@@@@@@,017,000,03,02,1,AI*29
$AIVSD,036,00.0,0000,@@@@@@@@@@@@@@@@@@@@,000000,00,00,00,00*4E
!AIVDM,1,1,,B,13aI9j8P00PHittNKG<@0?wn28RW,0*62
!AIVDO,1,1,,,B3`hBQh3wk?8mP=18D3Q3wv5kP06,0*5A
!AIVDM,1,1,,A,13b=DJ0P2GPGinTNMOETFgv02@Re,0*5B
!AIVDM,1,1,,B,13aFgpgP000Hq8BNL1J<Cgv00D1>,0*0F
!AIVDM,1,1,,A,13bs66?000PHph6NKrIkAFF22<3C,0*54
!AIVDO,1,1,,,B3`hBQh3wk?8mP=18D3Q3wv5kP06,0*5A
!AIVDM,1,1,,B,13aEONHP00PHj7:NKC;Hewv22@0@,0*04
!AIVDM,1,1,,B,13bjGP30020Hq4@NKv2WaPb00@0B,0*33
!AIVDO,1,1,,,B3`hBQh3wk?8mP=18D3Q3wv5kP06,0*5A
!AIVDM,1,1,,A,13aGs90P00PHj;:NK8rsa?v42@12,0*0A
!AIVDM,1,1,,B,13aGE00P000HioDNKI:jpwv42<1T,0*1C
!AIVDO,1,1,,,B3`hBQh3wk?8mP=18D3Q3wv5kP06,0*5A
!AIVDM,1,1,,B,13`va@0P00PHpHRNKnW=WOv62L1I,0*5D
!AIVDM,1,1,,A,13`ww<0P000Hho:NKDP`ROv420Rc,0*40
!AIVDM,1,1,,A,13brRt8P00PHj64NKD5@0?v620SL,0*6C
!AIVDM,1,1,,A,13`j7c00@2PHiS0NKHK;f1n8081q,0*6E
!AIVDO,1,1,,,B3`hBQh3wk?8mP=18D3Q3wv5kP06,0*5A
!AIVDM,1,1,,A,13aGra0P00PHid>NK9<2FOv6R61t,0*00
!AIVDM,1,1,,B,13aGFROP000HnoRNKkBeLwv80826,0*11
!AIVDM,1,1,,B,33aI:?@P00PHq;hNL0@h0?v622li,0*72
!AIVDM,1,1,,B,13aFdiSP0IPHgG6NKE9FMwv8R<2=,0*53
!AIVDO,1,1,,,B3`hBQh3wk?8mP=18D3Q3wv5kP06,0*5A
!AIVDM,1,1,,B,13aDr:PP00PHn:NNKd<P0?v82D12,0*71
!AIVDM,1,1,,A,13aGFRwP000HnlvNKld4agv<0834,0*47
!AIVDM,1,1,,B,13b=DJ0P2GPGj2jNMNw4Dgv<2<1u,0*6B
!AIVDO,1,1,,,B3`hBQh3wk?8mP=18D3Q3wv5kP06,0*5A
!AIVDM,1,1,,A,13aDBD0P00PHj0HNKB;h0?v:283C,0*40
!AIVDM,1,1,,A,13aI8h@P00PHhnjNKBS00?v<2@3R,0*4A
!AIVDO,1,1,,,B3`hBQh3wk?8mP=18D3Q3wv5kP06,0*5A
!AIVDM,1,1,,B,13aEOTgP00PHjGbNKLkM`Ov@2H4C,0*03
!AIVDO,1,1,,,B3`hBQh3wk?8mP=18D3Q3wv5kP06,0*5A
!AIVDM,1,1,,B,33aDrj@P?w<tSF0l4Q@>4?wvPRoQ,0*6C
!AIVDM,1,1,,B,13`vB1`P00PHimvNKFr1K?v@261t,0*1B
!AIVDM,1,1,,B,13aJHJpP00PHjUjNK@<00?v>20Rq,0*4C
!AIVDO,1,1,,,B3`hBQh3wk?8mP=18D3Q3wv5kP06,0*5A
!AIVDM,1,1,,A,13aI9j8P00PHitrNKG:h0?v@2H4w,0*50
!AIVDM,1,1,,A,13bjGP30020Hq4@NKv2WbPb@00SK,0*59
!AIVDM,1,1,,B,33aI9LhP00PHJRPNGcJP0?vB2BPk,0*10
!AIVDO,1,1,,,B3`hBQh3wk?8mP=18D3Q3wv5kP06,0*5A
!AIVDM,1,1,,B,13bs66?000PHph:NKrIkAFFD261t,0*12
!AIVDM,1,1,,A,13aFgpgP000Hq8FNL1ItCgvF0D1>,0*35
!AIVDO,1,1,,,B3`hBQh3wk?8mP=18D3Q3wv5kP06,0*5A
!AIVDM,1,1,,A,13aEONHP00PHj7:NKC<`dOvF286E,0*1E
!AIVDM,1,1,,B,13aGs90P00PHj;:NK8sKT?vH286V,0*62
!AIVDM,1,1,,A,13b=DJ0P2GPGjA2NMNUTCOvH2<1u,0*5A
!AIVDO,1,1,,,B3`hBQh3wk?8mP=18D3Q3wv5kP06,0*5A
!AIVDM,1,1,,B,13`ww<0P000HhnvNKDR`H?vF261t,0*66
!AIVDM,1,1,,A,13aGE00P010HipTNKI5CagvH286v,0*6B
!AIVDM,1,1,,A,13aGFROP000HnprNKkO=L?vH0H70,0*33
!AIVDM,1,1,,B,13`j7c00@0PHiS0NKHK6f1nJ0L1;,0*2E
!AIVDO,1,1,,,B3`hBQh3wk?8mP=18D3Q3wv5kP06,0*5A
!AIVDM,1,1,,B,13aGra0P00PHid>NK9<2FOvHR<0P,0*52
!AIVDM,2,1,2,B,53aEOTT000010?GK?R10EA86222222222222220t3072340Ht00000000000,0*54
!AIVDM,2,2,2,B,00000000003,2*26
!AIVDM,1,1,,A,13aI:?@P00PHq;jNL0A@0?vJ2bF9,0*0E
!AIVDM,1,1,,A,13aFdiSP0GPHgGnNKDsFM?vLRH7i,0*54
!AIVDO,1,1,,,B3`hBQh3wk?8mP=18D3Q3wv5kP06,0*5A
!AIVDM,1,1,,A,13`va@0P00PHpHFNKnVeW?vL261t,0*5E
!AIVDM,1,1,,B,83aEOTPj2d<tM<<=dP000?`50000,0*2B
!AIVDO,1,1,,,B3`hBQh3wk?8mP=18D3Q3wv5kP06,0*5A
!AIVDM,1,1,,B,13brRt8P00PHj64NKD7@0?vL261t,0*4B
!AIVDM,1,1,,B,13aI8h@P00PHhnjNKBR@0?vN2@8u,0*66
!AIVDM,1,1,,B,13aGFRwP000HnlfNKlVlR?vP061t,0*75
!AIVDO,1,1,,,B3`hBQh3wk?8mP=18D3Q3wv5kP06,0*5A
!AIVDM,1,1,,A,13aDr:PP00PHn:TNKd>@0?vN20Rn,0*47
!AIVDM,1,1,,B,33aGD7nP000Hm;2NK`g=ugvN2E;r,0*79
!AIVDM,1,1,,B,13aDBD0P00PHj0bNKB;h0?vP20Rj,0*43
!AIVDO,1,1,,,B3`hBQh3wk?8mP=18D3Q3wv5kP06,0*5A
!AIVDM,1,1,,A,13aEOTgP00PHjGTNKLk=TOvR20Rq,0*4C
!AIVDM,1,1,,A,13aJHJpP00PHjUnNK@<P0?vR2<0N,0*16
!AIVDM,1,1,,A,13`vB1`P00PHin0NKFsAJgvT28:<,0*2C
!AIVDO,1,1,,,B3`hBQh3wk?8mP=18D3Q3wv5kP06,0*5A
!AIVDM,1,1,,B,13b=DJ0P2GPGjMBNMN@TBgvT28:J,0*35
!AIVDM,1,1,,B,13aFgpgP000Hq8JNL1IdCgvV08:q,0*02
!AIVDO,1,1,,,B3`hBQh3wk?8mP=18D3Q3wv5kP06,0*5A
!AIVDM,1,1,,B,13aI9j8P00PHittNKG9P0?vT261t,0*02
!AIVDM,1,1,,B,13bjGP30020Hq4@NKv2Wb@bV0@;R,0*5D
!AIVDO,1,1,,,B3`hBQh3wk?8mP=18D3Q3wv5kP06,0*5A
!AIVDM,1,1,,A,B3`ho>P0086<qt7VmfK<kwb5oP06,0*06
!AIVDM,1,1,,A,13bs66?000PHphDNKrI3AFFb2H<:,0*2C
!AIVDO,1,1,,,B3`hBQh3wk?8mP=18D3Q3wv5kP06,0*5A
!AIVDM,1,1,,A,13aGs90P00PHj;:NK8tKPwvb2@<>,0*1A
!AIVDM,1,1,,B,13aEONHP00PHj6lNKC<HaOvb28<A,0*4D
!AIVDO,1,1,,,B3`hBQh3wk?8mP=18D3Q3wv5kP06,0*5A
!AIVDM,1,1,,B,13aGE00P00PHip`NKI53Swvd261t,0*48
!AIVDM,1,1,,A,13aGra0P00PHid>NK9<2FOvbR8<s,0*50
!AIVDM,1,1,,A,13`ww<0P000HhnrNKDSpHgvd2D0n,0*63
!AIVDM,1,1,,A,13`j7c0wh1PHiS0NKHK;O1nf061t,0*7E
!AIVDM,2,1,3,A,53`vB1T000010GW3CJ0uHE9LTppTpN222222220t2p02240Ht2R0DS2CQiC`,0*2A
!AIVDM,2,2,3,A,88888888881,2*26
!AIVDM,1,1,,B,13aGFROP000HnrnNKkf=G?vf0@=E,0*55
!AIVDO,1,1,,,B3`hBQh3wk?8mP=18D3Q3wv5kP06,0*5A
!AIVDM,2,1,4,A,53aI9j4000010SSWS00<tpHT4p<D00000000001538132u:d00R1AC`1C`5i,0*1E
!AIVDM,2,2,4,A,AD`88888801,2*74
!AIVDM,1,1,,B,13aI:?@P00PHq;lNL0AF>Ovf2RF8,0*6E
!AIVDM,1,1,,A,13brRt8P00PHj5rNKD8@0?vf2<1B,0*14
!AIVDM,1,1,,A,13b=DJ0P2GPGjWRNMMw4B?vh2D1u,0*44
!AIVDM,1,1,,B,13`va@0P00PHpHHNKn`=Qwvh261t,0*57
!AIVDO,1,1,,,B3`hBQh3wk?8mP=18D3Q3wv5kP06,0*5A
!AIVDM,1,1,,A,83`vB1Pj2P00000000LpI@O53800,0*54
!AIVDM,1,1,,B,13aFdiSP0GPHgHjNKD`VPOvjR0RL,0*2C
!AIVDM,1,1,,B,D02E34iFTg6D000000000000003,2*7E
!AIVDO,1,1,,,B3`hBQh3wk?8mP=18D3Q3wv5kP06,0*5A
!AIVDM,1,1,,A,13aDBD0P00PHj0NNKB;@0?vj2L1P,0*5B
!AIVDM,1,1,,B,13aDr:PP00PHn:HNKd?P0?vj28>q,0*16
!AIVDM,1,1,,A,83aI9j0j2d<dd=LuehP8JhO53LP0,0*40
!AIVDO,1,1,,,B3`hBQh3wk?8mP=18D3Q3wv5kP06,0*5A
!AIVDM,1,1,,B,13aJHJpP00PHjUnNK@<P0?vl20Ss,0*79
!AIVDM,1,1,,A,13aI8h@P00PHhnhNKBT00?vl261t,0*4D
!AIVDM,1,1,,A,13aGFRwP000Hnl>NKlgQVgvn0<1P,0*6E
!AIVDM,1,1,,B,13aEOTgP00PHjGTNKLkeSgvn20Ro,0*1A
!AIVDO,1,1,,,B3`hBQh3wk?8mP=18D3Q3wv5kP06,0*5A
!AIVDO,1,1,,,B3`hBQh3wk?8mP=18D3Q3wv5kP06,0*5A
!AIVDM,1,1,,A,13aI9j8P00PHiu<NKG;h0?vp261t,0*56
!AIVDM,1,1,,B,13`vB1`P00PHimtNKFriI?vr20Rw,0*17
!AIVDO,1,1,,,B3`hBQh3wk?8mP=18D3Q3wv5kP06,0*5A
!AIVDM,1,1,,A,13bjGP30020Hq4@NKv2WaPbp08A5,0*0E
!AIVDM,1,1,,B,13bs66?000PHph@NKrHkAFFt261t,0*59
!AIVDM,1,1,,A,13aFgpgP000Hq8FNL1IuO?vt0D1>,0*52
!AIVDO,1,1,,,B3`hBQh3wk?8mP=18D3Q3wv5kP06,0*5A
!AIVDM,1,1,,A,13aEONHP00PHj6BNKC:pa?vv20S@,0*5C
!AIVDM,1,1,,B,33aIj:mP00PHjGlNK?f:ugvv2Dor,0*26
!AIVDO,1,1,,,B3`hBQh3wk?8mP=18D3Q3wv5kP06,0*5A
!AIVDM,1,1,,B,13`ww<0P000Hho@NKDRpAOvt28B?,0*3C
!AIVDM,1,1,,A,13aGE00P01PHipDNKI6CAww0261t,0*5A
!AIVDM,1,1,,A,13aGFROP010HnsRNKkkeCgw00HBg,0*61
!AIVDO,1,1,,,B3`hBQh3wk?8mP=18D3Q3wv5kP06,0*5A
!AIVDM,1,1,,B,13`j7c0wh1PHiS0NKHK8NQo20D1:,0*76
!AIVDM,1,1,,B,13aGs90P00PHj:vNK8tsOOw228C7,0*14
!AIVDM,1,1,,A,13`va@0P00PHpHJNKn`MMgw220S1,0*50
!AIVDM,1,1,,B,13aGra0P00PHid>NK9<2FOw0R0Rq,0*64
!AIVDO,1,1,,,B3`hBQh3wk?8mP=18D3Q3wv5kP06,0*5A
!AIVDM,1,1,,A,33aI:?@P00PHq;hNL0@P0?w229;S,0*2A
!AIVDM,1,1,,B,33aEOSUP000Hj<<NKLSbV?w42DT:,0*40
!AIVDO,1,1,,,B3`hBQh3wk?8mP=18D3Q3wv5kP06,0*5A
!AIVDM,1,1,,A,13aDr:PP00PHn:DNKd?00?w428D3,0*1E
!AIVDM,1,1,,A,13aFdiSP0FPHgIPNKDIVOOw6RHDA,0*1D
!AIVDM,1,1,,B,33c::t?001PGs<TNQtA=oWa00000,0*4E
!AIVDM,1,1,,B,13brRt8P00PHj5dNKD98LOw4261t,0*1B
!AIVDO,1,1,,,B3`hBQh3wk?8mP=18D3Q3wv5kP06,0*5A
!AIVDM,1,1,,B,13aDBD0P00PHj0FNKB<GuOw62@Dq,0*60
!AIVDM,1,1,,B,13aGFRwP000HnkfNKlR2Wgw8061t,0*1C
!AIVDM,1,1,,B,13aI8h@P02PHhnfNKBUVn?w62Swo,0*18
!AIVDM,1,1,,A,13b=DJ0P2GPGk2@NMMB4@ww82D1t,0*1D
!AIVDO,1,1,,,B3`hBQh3wk?8mP=18D3Q3wv5kP06,0*5A
!AIVDO,1,1,,,B3`hBQh3wk?8mP=18D3Q3wv5kP06,0*5A
!AIVDM,1,1,,A,13aEOTgP00PHjGRNKLkMQgw<2<1@,0*26
!AIVDM,1,1,,A,13aJHJpP00PHjUpNK@<h0?w:2<0N,0*59
!AIVDO,1,1,,,B3`hBQh3wk?8mP=18D3Q3wv5kP06,0*5A
!AIVDM,1,1,,B,13aI9j8P00PHiu<NKG=@0?w<28Ff,0*5D
!AIVDM,1,1,,A,13`vB1`P00PHimpNKFpiCww>28Fi,0*1F
!AIVDO,1,1,,,B3`hBQh3wk?8mP=18D3Q3wv5kP06,0*5A
!AIVDM,1,1,,B,13aFgpgP000Hq8HNL1JMLOw@0<1=,0*59
!AIVDM,1,1,,B,13aGF=8P00PGCIvNOi000?w@261t,0*68
!AIVDM,1,1,,A,13bs66?000PHphBNKrHCAFG@2<3A,0*78
!AIVDO,1,1,,,B3`hBQh3wk?8mP=18D3Q3wv5kP06,0*5A
!AIVDM,1,1,,B,13bjGP30010Hq4@NKv2WcPc@0@Gn,0*18
!AIVDM,1,1,,B,13c::t?001PGs<TNQtA0I7a<061t,0*48
!AIVDM,1,1,,A,13`ww<0P000HhobNKDP`6OwB20SO,0*26
!AIVDO,1,1,,,B3`hBQh3wk?8mP=18D3Q3wv5kP06,0*5A
!AIVDM,1,1,,A,13aGs90P00PHj:nNK8tcKgwD2HHE,0*4C
!AIVDM,1,1,,B,13aGE00P00PHiotNKI7k<OwD28HK,0*27
!AIVDM,1,1,,B,13b=DJ0P2GPGk>`NMLvl>wwD20S5,0*0A
!AIVDM,1,1,,A,13aGra0P00PHid>NK9<2FOwBR@He,0*6B
!AIVDM,1,1,,B,13aEONHP00PHj64NKC98e?wF261t,0*07
!AIVDM,1,1,,B,13aGFROP000HnsnNKkp=AOwF0HHh,0*45
!AIVDO,1,1,,,B3`hBQh3wk?8mP=18D3Q3wv5kP06,0*5A
!AIVDM,1,1,,B,13aFdiSP0HPHgJ2NKD=6MwwFR0T7,0*31
!AIVDM,1,1,,B,13aI:?@P00PHq;hNL0@6A?wD2JF7,0*20
!AIVDM,1,1,,A,13`j7c0wh2PHiS0NKHK1@1oF061t,0*59
!AIVDM,1,1,,B,13`va@0P00PHpHFNKna=HOwF20SL,0*0A
!AIVDO,1,1,,,B3`hBQh3wk?8mP=18D3Q3wv5kP06,0*5A
!AIVDM,1,1,,A,33aGDr5P00PHi3BNK@A15OwF2E3:,0*53
!AIVDO,1,1,,,B3`hBQh3wk?8mP=18D3Q3wv5kP06,0*5A
!AIVDM,1,1,,A,13aDBD0P00PHj0FNKB<P0?wH28J6,0*0E
!AIVDM,1,1,,A,13brRt8P00PHj5PNKD:00?wH2@J>,0*10
!AIVDM,1,1,,A,13aGFRwP000HnkfNKlOD6gwJ061t,0*67
!AIVDM,1,1,,A,33`mGP50000HoBtNKnnA8VSkP000,0*6A
!AIVDO,1,1,,,B3`hBQh3wk?8mP=18D3Q3wv5kP06,0*5A
!AIVDM,1,1,,A,33`pfF500DPHC7VNL9cUQTaJ0000,0*7E
!AIVDM,1,1,,A,33aTCJ5000PHnE@NKmkA18qF0000,0*10
!AIVDM,1,1,,B,13aJHJpP00PHjUrNK@=00?wL20Se,0*33
!AIVDO,1,1,,,B3`hBQh3wk?8mP=18D3Q3wv5kP06,0*5A
!AIVDM,1,1,,A,13aKUopP000Hf5PNFi7mOgwN00S6,0*20
!AIVDM,1,1,,B,13aEOTgP00PHjGVNKLjuROwP2D1@,0*27
!AIVDO,1,1,,,B3`hBQh3wk?8mP=18D3Q3wv5kP06,0*5A
!AIVDM,1,1,,A,13b=DJ0P2GPGkK:NMLdD<gwP2HKo,0*20
!AIVDM,1,1,,B,13bv`b8P000I@GnNOToAlwwN0<0c,0*4F
!AIVDO,1,1,,,B3`hBQh3wk?8mP=18D3Q3wv5kP06,0*5A
!AIVDM,1,1,,B,13`vB1`P00PHimlNKFoA@gwR20RD,0*79
!AIVDM,1,1,,B,13aDrj@P?w<tSF0l4Q@>4?wvPl14,0*6B
!AIVDM,1,1,,A,13aI9j8P00PHiu6NKG>@0?wP2@Le,0*4A
!AIVDO,1,1,,,B3`hBQh3wk?8mP=18D3Q3wv5kP06,0*5A
!AIVDM,1,1,,A,13aFgpgP000Hq8HNL1JLWwwT08M:,0*13
!AIVDM,1,1,,B,13bs66?000PHphHNKrGCAFGT261t,0*57
!AIVDM,1,1,,A,13bjGP30000Hq4@NKv2Wq@cR0D1;,0*2D
!AIVDO,1,1,,,B3`hBQh3wk?8mP=18D3Q3wv5kP06,0*5A
!AIVDM,1,1,,B,33bgoF50000Hkg>NKUr0bboR0000,0*69
!AIVDM,1,1,,A,13aEONHP00PHj6<NKC8`agwV20S<,0*35
!AIVDM,1,1,,B,13`ww<0P000HhoVNKDQH:gwV2L0o,0*37
!AIVDO,1,1,,,B3`hBQh3wk?8mP=18D3Q3wv5kP06,0*5A
!AIVDM,1,1,,A,13aGE00P00PHioRNKI9C;?w`261t,0*3F
!AIVDM,1,1,,B,13aGs90P00PHj:jNK8t;HOw`2@NO,0*18
!AIVDM,1,1,,B,13`j7c0001PHiS0NKHK0I1o`0HNQ,0*4C
!AIVDM,1,1,,A,13aGFROP000HnsnNKkp=>wwb0<1b,0*22
!AIVDM,1,1,,A,33aGD8FP030Hq36NKP404gwT2DNb,0*1E
!AIVDM,1,1,,B,13aENmgP1BPH`dbNJ7h@Fwwb2<0o,0*74
!AIVDO,1,1,,,B3`hBQh3wk?8mP=18D3Q3wv5sP06,0*42
!AIVDM,1,1,,A,13aI:?@P00PHq;dNL0?P0?w`28Np,0*5E
!AIVDM,1,1,,B,13aGra0P00PHid>NK9<2FOw`R0RW,0*12
!AIVDM,1,1,,A,13aFdiSP0IPHgK8NKCtn<wwdR<2=,0*1D
!AIVDM,1,1,,B,13brRt8P00PHj5fNKD900?wb20Sa,0*3A
!AIVDM,1,1,,B,13b=DJ0P2GPGkWVNMLJ4;Owd2@OG,0*32
!AIVDO,1,1,,,B3`hBQh3wk?8mP=18D3Q3wv5sP06,0*42
!AIVDM,1,1,,A,13`va@0P00PHpH6NKnbeEgwd28O`,0*1D
!AIVDO,1,1,,,B3`hBQh3wk?8mP=18D3Q3wv5sP06,0*42
!AIVDM,1,1,,A,13aDr:PP00PHn:NNKd?P0?wd261t,0*18
!AIVDM,1,1,,B,13aDBD0P00PHj0NNKB<00?wd2<1P,0*50
!AIVDM,2,1,5,B,53aJHJl000010C;3?<0EP<Di<Tu800000000001538032t0Ht25hA?wwh000,0*07
!AIVDM,2,2,5,B,00000000002,2*20
!AIVDM,1,1,,B,13aI8h@P00PHho4NKBVW9?wf2cwo,0*7C
!AIVDM,2,1,6,A,53aGDjl000010KKWKH1`DDh4p@0000000000001?7H654vhm000PAiiDQC`1,0*0A
!AIVDM,2,2,6,A,1C`3iEQDP03,2*59
!AIVDM,1,1,,B,33`pfF5P@EPHC9LNL9P5TTUf0000,0*36
!AIVDO,1,1,,,B3`hBQh3wk?8mP=18D3Q3wv5sP06,0*42
!AIVDM,1,1,,A,83aGDjhj2d<eL>=vLQA@ggfE0000,0*2E
!AIVDM,1,1,,B,13aGFRwP000HnkbNKlMkL?wh0@Po,0*41
!AIVDM,1,1,,B,83aJHJhj2d<t=L=NMPO@H@O5I000,0*00
!AIVDM,1,1,,A,13aJHJpP00PHjUtNK@<@0?wh2HQ8,0*44
!AIVDM,1,1,,A,13aEOTgP00PHjGTNKLjMQwwj2<1@,0*67
!AIVDO,1,1,,,B3`hBQh3wk?8mP=18D3Q3wv5sP06,0*42
!AIVDM,1,1,,A,13aDrj@P?w<tSF0l4Q@>4?wvPd14,0*60
!AIVDM,1,1,,A,13`vB1`P00PHimnNKFniB?wl261t,0*60
!AIVDO,1,1,,,B3`hBQh3wk?8mP=18D3Q3wv5sP06,0*42
!AIVDO,1,1,,,B3`hBQh3wk?8mP=18D3Q3wv5sP06,0*42
!AIVDM,1,1,,B,13aI9j8P00PHiu@NKG?00?wn261t,0*6A
!AIVDM,1,1,,A,13b=DJ0P2GPGkibNML<4:?v02<1t,0*58
!AIVDO,1,1,,,B3`hBQh3wk?8mP=18D3Q3wv5sP06,0*42
!AIVDM,1,1,,B,13aFgpgP000Hq8FNL1J<Cgv00@03,0*03
!AIVDM,1,1,,A,13bs66?000PHph@NKrGSAFF22809,0*69
!AIVDM,1,1,,B,33aEONHP00PHj66NKC8pRgv227LC,0*1F
!AIVDM,1,1,,B,13bjGP30000Hq4@NKv2dJ@cn0<1;,0*62
!AIVDO,1,1,,,B3`hBQh3wk?8mP=18D3Q3wv5sP06,0*42
!AIVDM,1,1,,A,13aGs90P00PHj:lNK8tKLOv42<1b,0*12
!AIVDM,1,1,,B,13aGE00P00PHioFNKI:3?gv42813,0*1B
!AIVDO,1,1,,,B3`hBQh3wk?8mP=18D3Q3wv5sP06,0*42
!AIVDM,1,1,,A,13`ww<0P000HhoBNKDS8=wv22D0o,0*28
!AIVDM,1,1,,B,13`va@0P00PHpGrNKnc=COv62H1J,0*55
!AIVDO,1,1,,,B3`hBQh3wk?8mP=18D3Q3wv5sP06,0*42
$AITXT,01,01,60,AIS: Internal GNSS not in use*28
!AIVDM,1,1,,A,13`j7c0wh1PHiS0NKHK7U1n80620,0*71
!AIVDM,1,1,,A,13aGra0P00PHid>NK9<2FOv6R0RS,0*42
!AIVDM,1,1,,A,13brRt8P00PHj66NKD800?v62@23,0*7D
!AIVDM,1,1,,B,13aGFROP000HnsPNKkn==?v80620,0*4A
!AIVDO,1,1,,,B3`hBQh3wk?8mP=18D3Q3wv5sP06,0*42
!AIVDM,1,1,,B,13aI:?@P00PHq;lNL0?Vegv62H2E,0*30
!AIVDM,1,1,,B,13aFdiSP0KPHgLhNKCcV2wv8R82H,0*46
!AIVDM,1,1,,B,13aDr:PP00PHn:TNKd@h0?v82@2e,0*7F
!AIVDO,1,1,,,B3`hBQh3wk?8mP=18D3Q3wv5sP06,0*42
!AIVDM,1,1,,A,13aGFRwP000HnkpNKlSStgv<0620,0*08
!AIVDM,1,1,,B,13b=DJ0P2GPGkv6NMKsD6?v<2838,0*62
!AIVDM,1,1,,A,13aDBD0P00PHj0`NKB;h0?v:2620,0*14
!AIVDO,1,1,,,B3`hBQh3wk?8mP=18D3Q3wv5sP06,0*42
!AIVDM,1,1,,A,33aI8h@P00PHho6NKB`7owv<2Ajk,0*57
!AIVDO,1,1,,,B3`hBQh3wk?8mP=18D3Q3wv5sP06,0*42
!AIVDM,1,1,,B,13aGrVHP00PHf3pNFsPP0?v<2<17,0*36
!AIVDM,1,1,,B,13aEOTgP00PHjGPNKLj=Uwv@2D1A,0*46
!AIVDM,1,1,,B,13aJHJpP00PHjV0NK@;@0?v>2L0M,0*40
!AIVDM,1,1,,B,13aDrj@P?w<tSF0l4Q@>4?wvPp4P,0*16
!AIVDM,1,1,,B,13`vB1`P00PHimtNKFo1JOv@20Sp,0*15
!AIVDO,1,1,,,B3`hBQh3wk?8mP=18D3Q3wv5sP06,0*42
!AIVDM,1,1,,A,13aI9j8P00PHiuJNKG>@0?v@2D0N,0*74
!AIVDO,1,1,,,B3`hBQh3wk?8mP=18D3Q3wv5sP06,0*42
!AIVDM,1,1,,B,13aI9LhP00PHJRLNGcJ@0?vB285P,0*3A
!AIVDM,1,1,,A,13bjGP30000Hq4@NKv2ev@b@0D1;,0*0B
!AIVDO,1,1,,,B3`hBQh3wk?8mP=18D3Q3wv5sP06,0*42
!AIVDM,1,1,,B,13bs66?000PHph@NKrGSAFFD20S3,0*7D
!AIVDM,1,1,,A,13aFgpgP000Hq8HNL1IdCgvF0@63,0*25
!AIVDM,1,1,,A,13aEONHP00PHj5nNKC88SgvF2620,0*74
!AIVDO,1,1,,,B3`hBQh3wk?8mP=18D3Q3wv5sP06,0*42
!AIVDM,1,1,,B,13aGs90P00PHj:jNK8tcLwvH2620,0*20
!AIVDM,1,1,,A,33b=DJ0P2GPGl<pNMKWT2wvH26B3,0*10
!AIVDM,1,1,,B,13`ww<0P000HhnpNKDSWqgvF20S>,0*19
!AIVDM,1,1,,A,13aGE00P00PHio@NKI;3@wvH2620,0*02
!AIVDM,1,1,,A,13aGFROP000Hns2NKkkM9wvH0D1c,0*40
!AIVDM,1,1,,B,13aetV7P00PH;<VNMOWm5wvH2<0P,0*4B
!AIVDO,1,1,,,B3`hBQh3wk?8mP=18D3Q3wv5sP06,0*42
!AIVDM,1,1,,B,34hCQV50000Hnh8NKjMh0EvF2P00,0*20
!AIVDM,1,1,,B,13`j7c0wh0PHiS0NKHK:N1nJ0H7C,0*1F
!AIVDM,1,1,,B,13aGra0P00PHid>NK9<2FOvHR87N,0*4F
!AIVDM,2,1,7,B,53aGCN4000010WSC;V0lE8=E8UE>22222222220t2h12356aN320DS2CQiC`,0*22
!AIVDM,2,2,7,B,88888888883,2*23
!AIVDM,1,1,,B,83aGCN0j2d<d<=tvN@LhI@O53h00,0*50
!AIVDO,1,1,,,B3`hBQh3wk?8mP=18D3Q3wv5sP06,0*42
!AIVDM,1,1,,A,13aFdiSP0MPHgNDNKCKUwgvLRD2=,0*6E
!AIVDM,1,1,,A,13aI:?@P00PHq;fNL0@P0?vJ2H7j,0*1B
!AIVDM,1,1,,A,13`va@0P00PHpGhNKnbe<?vL20RM,0*7C
!AIVDO,1,1,,,B3`hBQh3wk?8mP=18D3Q3wv5sP06,0*42
!AIVDM,1,1,,B,13brRt8P00PHj66NKD900?vL20R@,0*66
!AIVDO,1,1,,,B3`hBQh3wk?8mP=18D3Q3wv5sP06,0*42
!AIVDM,1,1,,A,13aDr:PP00PHn:JNKd?h0?vN2@8r,0*76
!AIVDM,1,1,,B,13aI8h@P00PHho@NKBT@0?vN2Kwq,0*0B
!AIVDM,1,1,,B,13aGFRwP000Hnk`NKlRVrgvP00Sf,0*44
!AIVDM,1,1,,A,33aGCN5P000Hj16NKCD90?vP2Dnb,0*15
!AIVDM,1,1,,B,13aDBD0P00PHj12NKB:h0?vN2@9<,0*40
!AIVDO,1,1,,,B3`hBQh3wk?8mP=18D3Q3wv5sP06,0*42
!AIVDM,1,1,,A,13aEOTgP00PHjGLNKLjMUwvR2L1A,0*33
!AIVDM,1,1,,B,13aKUopP000Hf5NNFi9QhgvR0620,0*54
!AIVDM,1,1,,A,13aJHJpP00PHjV6NK@:h0?vR28:5,0*06
!AIVDM,1,1,,A,13bv`b8P000I@GjNOTpQlwvR0D0b,0*23
!AIVDO,1,1,,,B3`hBQh3wk?8mP=18D3Q3wv5sP06,0*42
!AIVDM,1,1,,A,13`vB1`P00PHimrNKFoAI?vT2620,0*20
!AIVDM,1,1,,B,13b=DJ0P2GPGlINNMKIT0wvT2620,0*29
!AIVDO,1,1,,,B3`hBQh3wk?8mP=18D3Q3wv5sP06,0*42
!AIVDM,1,1,,B,13aFgpgP000Hq8JNL1IdCgvV0620,0*45
!AIVDM,1,1,,A,13aDrj@P?w<tSF0l4Q@>4?wvP`:s,0*28
!AIVDM,1,1,,B,13aI9j8P00PHiuJNKG=P0?vT20Rt,0*5C
!AIVDO,1,1,,,B3`hBQh3wk?8mP=18D3Q3wv5sP06,0*42
!AIVDM,1,1,,B,13bjGP30000Hq4@NKv2f2PbT0<1<,0*34
!AIVDO,1,1,,,B3`hBQh3wk?8mP=18D3Q3wv5sP06,0*42
!AIVDM,1,1,,A,13bs66?000PHph:NKrISAFFb2D3B,0*49
!AIVDM,1,1,,A,13aGs90P00PHj:fNK8tcKwvb2<1b,0*59
!AIVDM,1,1,,B,33aEONHP00PHj6@NKC7pSOvb24uA,0*27
$AITXT,01,01,62,TX attempt failed (msg 18 no pos'n)*63
!AIVDO,1,1,,,B3`hBQh3wk?8mP=18D3Q3wv5sP06,0*42
!AIVDM,1,1,,B,13aGE00P00PHio4NKI;C=Ovd20Rn,0*54
!AIVDM,1,1,,A,13aGra0P00PHid>NK9<2FOvbR620,0*13
!AIVDO,1,1,,,B3`hBQh3wk?8mP=18D3Q3wv5sP06,0*42
!AIVDM,1,1,,A,13`ww<0P000HhnVNKDRp1?vd2@=8,0*38
!AIVDM,1,1,,A,13`j7c0wP1PHiS0NKHK5I1nf00T1,0*68
!AIVDM,1,1,,B,13aGFROP000HnpPNKkM=7gvf0<1c,0*3C
$AITXT,01,01,62,Max number of CP exceeded (msg 18)*73
!AIVDM,1,1,,B,13aI:?@P00PHq;TNL0@h0?vf2@=`,0*36
!AIVDM,1,1,,A,13brRt8P00PHj62NKD9h0?vf28=a,0*55
!AIVDM,1,1,,B,13aFdiSP0NPHgPHNKC8UnwvhR@=e,0*71
!AIVDO,1,1,,,B3`hBQh3wk?8mP=18D3Q3wv5sP06,0*42
!AIVDM,1,1,,A,33b=DJ0P2FPGlT2NMK=kvgvh2551,0*6C
!AIVDM,1,1,,B,13`va@0P00PHpGdNKncM:Ovh20RC,0*06
!AIVDO,1,1,,,B3`hBQh3wk?8mP=18D3Q3wv5sP06,0*42
!AIVDM,1,1,,A,13aDBD0P00PHj1RNKB:8@wvj2H>l,0*30
!AIVDM,2,1,8,A,53aDr:T000010S;3SP0hT400000000000000001?78:25ubo00lk5BDjjC80,0*78
!AIVDM,2,2,8,A,00000000001,2*2D
!AIVDM,1,1,,B,13aDr:PP00PHn:TNKd?00?vj2620,0*29
!AIVDO,1,1,,,B3`hBQh3wk?8mP=18D3Q3wv5sP06,0*42
!AIVDM,1,1,,B,13aEOTgP00PHjGRNKLiuUgvn2D1A,0*31
!AIVDM,1,1,,A,13aI8h@P00PHho>NKBR`;Ovl20Rn,0*48
!AIVDO,1,1,,,B3`hBQh3wk?8mP=18D3Q3wv5sP06,0*42
!AIVDM,1,1,,A,13aGFRwP000HnjtNKlbIn?vn08?V,0*53
!AIVDO,1,1,,,B3`hBQh3wk?8mP=18D3Q3wv5sP06,0*42
!AIVDM,1,1,,B,13aJHJpP00PHjV6NK@9P0?vn2D0O,0*0E
!AIVDM,1,1,,A,83aDr:Pj2d<dd=L=uQChU?a@8`P0,0*20
!AIVDM,1,1,,A,13aI9j8P00PHiuNNKG<00?vp20Se,0*0E
!AIVDO,1,1,,,B3`hBQh3wk?8mP=18D3Q3wv5sP06,0*42
!AIVDM,1,1,,B,13`vB1`P00PHimpNKFp1Igvr2D0c,0*13
!AIVDM,1,1,,B,13b=DJ0P2FPGlhdNMK1CtOvr20SJ,0*0B
!AIVDM,1,1,,A,13bjGP30000Hq4@NKv2f2Pdp0620,0*10
!AIVDO,1,1,,,B3`hBQh3wk?8mP=18D3Q3wv5sP06,0*42
!AIVDM,1,1,,B,13bs66?000PHph2NKrKSAFFt20SH,0*48
!AIVDM,1,1,,A,13aFgpgP000Hq8JNL1I<Cgvt0@AL,0*45
!AIVDO,1,1,,,B3`hBQh3wk?8mP=18D3Q3wv5sP06,0*42
!AIVDM,1,1,,A,13aEONHP00PHj6RNKC7`N?vv2D19,0*11
!AIVDM,1,1,,B,13`ww<0P000HhnRNKDRGw?vt2620,0*2F
!AIVDO,1,1,,,B3`hBQh3wk?8mP=18D3Q3wv5sP06,0*42
!AIVDM,1,1,,A,13aGE00P00PHinrNKI:C;Ow020Sc,0*4E
!AIVDM,1,1,,A,13aGFROP000Hnr<NKkde7?w00D1c,0*57
!AIVDM,1,1,,B,13`j7c0wh1PHiS0NKHK;LQo20@C0,0*0B
!AIVDM,1,1,,B,13aGra0P00PHid>NK9<2FOw0RD0O,0*4C
!AIVDM,1,1,,B,13aGs90P00PHj:dNK8tcEOw22620,0*64
!AIVDO,1,1,,,B3`hBQh3wk?8mP=18D3Q3wv5sP06,0*42
!AIVDM,1,1,,A,13`va@0P000HpI2NKnfe9Ow22<1H,0*2C
!AIVDM,2,1,9,A,54hi<240?JU9`L<f220l4T@DhhF222222222220U5HD2:40Ht90000000000,0*60
!AIVDM,2,2,9,A,00000000002,2*2F
!AIVDO,1,1,,,B3`hBQh3wk?8mP=18D3Q3wv5sP06,0*42
!AIVDM,1,1,,A,13aDr:PP00PHn:VNKd?h0?w42620,0*2F
!AIVDM,1,1,,A,13aFdiSP0OPHgSFNKBlEV?w6RD2>,0*44
!AIVDO,1,1,,,B3`hBQh3wk?8mP=18D3Q3wv5sP06,0*42
!AIVDM,1,1,,B,13brRt8P00PHj5lNKD:HJgw420Rw,0*28
!AIVDM,1,1,,B,13aDBD0P00PHj1BNKB:@0?w62<1P,0*79
!AIVDO,1,1,,,B3`hBQh3wk?8mP=18D3Q3wv5sP06,0*42
!AIVDM,1,1,,B,13aGFRwP000HnjbNKlib`?w800S9,0*34
!AIVDM,1,1,,B,13aI8h@P00PHho@NKBQGsOw62@E0,0*3B
!AIVDM,2,1,0,A,53aI:?D000010S;7GD0`4=5DDhTpD0000000001S40661ta3000UCRiDQCP0,0*29
!AIVDM,2,2,0,A,000000P0003,2*47
!AIVDM,1,1,,A,13b=DJ0P2E0GlwPNMJkkqww82@E9,0*50
!AIVDO,1,1,,,B3`hBQh3wk?8mP=18D3Q3wv5sP06,0*42
!AIVDM,1,1,,A,13aEOTgP00PHjG`NKLiMWww<28F1,0*02
!AIVDM,1,1,,A,13aJHJpP00PHjV8NK@900?w:28F7,0*44
!AIVDO,1,1,,,B3`hBQh3wk?8mP=18D3Q3wv5sP06,0*42
!AIVDM,1,1,,A,83aI:?@j2d<ddLdMdPh@ShUE00P0,0*72
!AIVDM,1,1,,B,13aI9j8P00PHiufNKG900?w<2620,0*5F
!AIVDO,1,1,,,B3`hBQh3wk?8mP=18D3Q3wv5sP06,0*42
!AIVDM,1,1,,A,13`vB1`P00PHimjNKFpiPgw>2620,0*25
!AIVDO,1,1,,,B3`hBQh3wk?8mP=18D3Q3wv5sP06,0*42
!AIVDM,1,1,,B,33aFgpgP000Hq8HNL1I<Cgw@07?C,0*75
!AIVDM,1,1,,B,13aGF=8P00PGCIrNOi2P0?w@20Rn,0*71
!AIVDM,1,1,,A,13bs66?000PHpgtNKrMCAFG@28GS,0*26
!AIVDM,1,1,,B,13bjGP30000Hq4@NKv2Pbhc>0<1<,0*01
!AIVDM,1,1,,B,13c::t?000PGs=lNQtA2<7a@00SB,0*29
!AIVDO,1,1,,,B3`hBQh3wk?8mP=18D3Q3wv5sP06,0*42
!AIVDM,1,1,,A,13aGs90P00PHj:dNK8tcAOwD2D1c,0*37
!AIVDM,1,1,,B,13aGE00P00PHintNKI<39?wD2620,0*0F
!AIVDM,1,1,,B,13b=DJ0P2FPGm<LNMJaSp?wD2@HN,0*1B
!AIVDM,1,1,,A,13`ww<0P000Hho4NKDTWk?wB2<0q,0*3F
!AIVDO,1,1,,,B3`hBQh3wk?8mP=18D3Q3wv5sP06,0*42
!AIVDM,1,1,,A,13aGra0P00PHid>NK9<2FOwBR<0O,0*45
!AIVDM,1,1,,B,13aEONHP000Hj60NKC8`KgwF20R0,0*6D
!AIVDM,1,1,,B,13aGFROP000HnrhNKkj<wgwF0D1c,0*39
!AIVDM,1,1,,A,33bl8j5P000HjEfNK8r=@wwFR000,0*38
!AIVDM,1,1,,A,33`j7c0wP0PHiS0NKHK5AQoF07Pk,0*7B
!AIVDM,1,1,,B,13aI:?@P00PHq;NNL0?P0?wD28I7,0*13
!AIVDO,1,1,,,B3`hBQh3wk?8mP=18D3Q3wv5sP06,0*42
!AIVDM,1,1,,B,33`va@0P000HpKpNKnnM8wwH24GC,0*7B
!AIVDO,1,1,,,B3`hBQh3wk?8mP=18D3Q3wv5sP06,0*42
!AIVDM,1,1,,B,13aFdiSP0SPHgV8NKBU5=wwJRD2>,0*36
!AIVDM,1,1,,A,13aDBD0P00PHj12NKB:VTgwH2620,0*37
!AIVDM,1,1,,B,13aDr:PP00PHn:LNKdA@0?wH2<11,0*14
!AIVDM,1,1,,A,13brRt8P00PHj5vNKD:h0?wH2<1C,0*14
!AIVDO,1,1,,,B3`hBQh3wk?8mP=18D3Q3wv5sP06,0*42
!AIVDM,1,1,,A,13aGFRwP000HnjlNKlm6LgwJ00Su,0*23
!AIVDM,1,1,,A,13aI8h@P00PHho8NKBRGewwJ2620,0*10
!AIVDO,1,1,,,B3`hBQh3wk?8mP=18D3Q3wv5sP06,0*42
!AIVDM,1,1,,A,13aKUopP000Hf5HNFi=7tOwN0<3O,0*6E
!AIVDO,1,1,,,B3`hBQh3wk?8mP=18D3Q3wv5sP06,0*42
!AIVDM,1,1,,B,13aEOTgP00PHjG`NKLiuUgwP2@Kd,0*67
!AIVDM,1,1,,B,13aJHJpP00PHjV6NK@8AqwwN2L0O,0*3E
!AIVDM,1,1,,B,13`vB1`P00PHim`NKFqiOOwP2L0c,0*5F
!AIVDM,1,1,,A,13b=DJ0P2FPGmIDNMJOCoOwP2D1s,0*60
!AIVDM,1,1,,B,13bv`b8P000I@GbNOTq1lwwN08Kp,0*41
!AIVDO,1,1,,,B3`hBQh3wk?8mP=18D3Q3wv5sP06,0*42
!AIVDM,1,1,,B,13aDrj@P?w<tSF0l4Q@>4?wvPhLa,0*47
!AIVDM,1,1,,A,13aI9j8P00PHiv0NKG:@0?wP2<0N,0*60
!AIVDO,1,1,,,B3`hBQh3wk?8mP=18D3Q3wv5sP06,0*42
!AIVDM,1,1,,A,13aFgpgP000Hq8FNL1ItCgwT0620,0*59
!AIVDM,1,1,,B,13bs66?000PHpgrNKrNCAFGT20Rv,0*0C
!AIVDO,1,1,,,B3`hBQh3wk?8mP=18D3Q3wv5sP06,0*42
!AIVDM,1,1,,A,13bjGP30000Hq4@NKv2Q5PcR0@MM,0*71
!AIVDO,1,1,,,B3`hBQh3wk?8mP=18D3Q3wv5sP06,0*42
!AIVDM,1,1,,A,13aEONHP000Hj62NKC;HKwwV20S?,0*49
!AIVDM,2,1,1,B,53aEOND000010W?7S20`E10F1H4r1<<PTE:222153871540Ht00000000000,0*6E
!AIVDM,2,2,1,B,00000000002,2*24
!AIVDM,1,1,,B,13`ww<0P000Hhn`NKDV7uOwV2HN6,0*3C
$AITXT,01,01,62,TX attempt failed (msg 18 no pos'n)*63
!AIVDM,1,1,,B,13aGra0P00PHid>NK9<2FOwVRHNF,0*51
!AIVDM,1,1,,A,13aGE00P00PHio6NKI=k;Ow`20RR,0*44
!AIVDM,1,1,,B,33aGs90P00PHj:dNK8ts?Ow`24qC,0*6C
!AIVDM,1,1,,B,13`j7c0wh1PHiS0NKHK8jQo`0D1;,0*01
!AIVDO,1,1,,,B3`hBQh3wk?8mP=18D3Q3wv5sP06,0*42
!AIVDM,1,1,,A,13aGFROP010Hnr<NKkdddgwb08Nc,0*0D
!AIVDM,1,1,,B,13aENmgP1CPH`qfNJ=00Mwwb28Nj,0*32
!AIVDM,1,1,,A,13aI:?@P00PHq;NNL0>h0?w`2620,0*7F
$AITXT,01,01,62,Max number of CP exceeded (msg 18)*73
!AIVDO,1,1,,,B3`hBQh3wk?8mP=18D3Q3wv5sP06,0*42
!AIVDM,1,1,,A,13aFdiSP0`PHga`NKBD5:?wdR8O>,0*18
!AIVDM,1,1,,B,13b=DJ0P2EPGmV>NMJESn?wd2<1s,0*22
!AIVDM,1,1,,A,13`va@0P000HpL`NKnq=5wwd2620,0*27
!AIVDM,1,1,,B,13brRt8P00PHj5`NKD:@0?wd2@Oi,0*2D
!AIVDO,1,1,,,B3`hBQh3wk?8mP=18D3Q3wv5sP06,0*42
!AIVDM,2,1,2,A,53b=DJ4000010COG3F0I8TE<h4pB22222222220t10u<440Ht6m1DThj1C32,0*42
!AIVDM,2,2,2,A,CQp88888883,2*7F
!AIVDM,1,1,,A,13aDr:PP00PHn:LNKd@P0?wd20Sr,0*07
!AIVDM,1,1,,B,83aEON@j2d<d<Ld<v@000?`50000,0*6B
!AIVDM,1,1,,B,13aDBD0P00PHj0bNKB;Eugwd28P8,0*1E
!AIVDO,1,1,,,B3`hBQh3wk?8mP=18D3Q3wv5sP06,0*42
!AIVDM,1,1,,B,13aI8h@P00PHhnrNKBRGvOwf2HPL,0*3F
!AIVDM,1,1,,B,13aGu1gP00PIGlTNKcQh0?wf2<0U,0*3E
!AIVDM,1,1,,B,13aGFRwP000HnjPNKloDM?wh0<1P,0*5C
!AIVDO,1,1,,,B3`hBQh3wk?8mP=18D3Q3wv5sP06,0*42
!AIVDM,1,1,,A,13aJHJpP00PHjV6NK@7h0?wh2D0O,0*3C
!AIVDM,1,1,,A,13aEOTgP00PHjGTNKLkM`?wj28Q9,0*02
!AIVDM,1,1,,B,34hi<25000OrTil6IWAc3PIj0DwJ,0*47
!AIVDM,1,1,,A,13aDrj@P?w<tSF0l4Q@>4?wvP`QT,0*64
!AIVDO,1,1,,,B3`hBQh3wk?8mP=18D3Q3wv5sP06,0*42
!AIVDM,1,1,,A,13`vB1`P00PHimTNKFpiQwwl20S2,0*3D
!AIVDM,1,1,,A,83b=DJ0j2d<etMuu<QFAC@O58L00,0*77
!AIVDO,1,1,,,B3`hBQh3wk?8mP=18D3Q3wv5sP06,0*42
!AIVDM,1,1,,B,13aI9j8P00PHiupNKG9h0?wn20S<,0*28
!AIVDM,1,1,,A,13b=DJ0P2FPGmi4NMJ>3mgv028Re,0*73
!AIVDM,1,1,,B,83aENmPj2d<d<<Mtv@000?`50000,0*48
!AIVDO,1,1,,,B3`hBQh3wk?8mP=18D3Q3wv5sP06,0*42
!AIVDM,1,1,,B,13aFgpgP000Hq8FNL1IdCgv00<1=,0*2B
!AIVDM,1,1,,A,13bs66?000PHph0NKrNCAFF22624,0*01
!AIVDO,1,1,,,B3`hBQh3wk?8mP=18D3Q3wv5sP06,0*42
!AIVDM,1,1,,B,13aEONHP00PHj6NNKC;8Owv2280@,0*53
!AIVDM,1,1,,B,13bjGP30000Hq4@NKv2QA@b0080B,0*7F
!AIVDO,1,1,,,B3`hBQh3wk?8mP=18D3Q3wv5sP06,0*42
!AIVDM,1,1,,A,13aGs90P00PHj:tNK8t;>Ov42812,0*5C
!AIVDM,1,1,,B,13aGE00P00PHio8NKI>C>?v42624,0*42
!AIVDM,1,1,,A,13`ww<0P000HhoNNKDS7iwv22@16,0*23
$AITXT,01,01,25,AIS: Internal GNSS in use*7C
!AIVDM,1,1,,A,13aGra0P00PHid>NK9<2FOv4RD0O,0*4A
!AIVDM,1,1,,B,33`va@0P000HpLTNKnre3?v621nQ,0*6E
!AIVDO,1,1,,,B3`hBQh3wh6=UW7VpB;Q3wP5sP06,0*7F
$GPGBS,163317.00,7.3,5.2,11.7,,,,*74
$GPRMC,163318.00,A,5310.81307,N,00525.70385,E,0.198,286.50,180612,,,A*64
$AITXT,01,01,28,AIS: Internal SOG/COG in use*47
!AIVDM,1,1,,A,33`j7c0wP2PHiS0NKHK;p1n804v1,0*26
!AIVDO,1,1,,,B3`hBQh00@6=UW7VpB:k7wP5sP06,0*2C
!AIVDM,1,1,,A,13brRt8P00PHj5bNKD88L?v62<1C,0*51
!AIVDM,1,1,,B,13aGFROP000HnqfNKkW<HOv800RO,0*5A
$GPGBS,163318.00,7.3,5.2,11.9,,,,*75
!AIVDM,1,1,,B,13aFdiSP0QPHgfBNKB54Twv8R624,0*7D
$GPRMC,163319.00,A,5310.81306,N,00525.70380,E,0.227,283.45,180612,,,A*67
!AIVDO,1,1,,,B3`hBQh00P6=UW7VpB:i;wP5sP06,0*32
$GPGBS,163319.00,7.4,5.3,12.0,,,,*78
!AIVDM,1,1,,B,13aDr:PP00PHn:`NKd@@0?v82<11,0*48
$GPRMC,163320.00,A,5310.81304,N,00525.70383,E,0.227,280.39,180612,,,A*64
!AIVDM,1,1,,A,13aGFRwP000HnjhNKlol1gv<00T6,0*31
!AIVDM,1,1,,B,13b=DJ0P2GPGmutNMJ5Cm?v<2624,0*3D
!AIVDO,1,1,,,B3`hBQh00P6=UW7VpB:g?wP5sP06,0*38
$GPGBS,163320.00,7.4,5.3,12.1,,,,*73
!AIVDM,1,1,,A,13aDBD0P00PHj0LNKB;00?v:20S1,0*06
!AIVDM,1,1,,A,13aI8h@P00PHhnJNKBU@0?v<283R,0*64
$GPRMC,163321.00,A,5310.81300,N,00525.70392,E,0.222,277.26,180612,,,A*62
!AIVDO,1,1,,,B3`hBQh00P6=UWWVpB:eCwP5sP06,0*26
$GPGBS,163321.00,7.5,5.4,12.2,,,,*77
$GPRMC,163322.00,A,5310.81308,N,00525.70401,E,0.145,275.94,180612,,,A*6D
!AIVDM,1,1,,B,13aEOTgP00PHjGRNKLlebwv@2@4C,0*2E
!AIVDM,1,1,,B,13aJHJpP00PHjV:NK@7h0?v>2H4J,0*69
!AIVDO,1,1,,,B3`hBQh00@6=U`7VpB:dOwP5sP06,0*6C
$GPGBS,163322.00,7.5,5.4,12.2,,,,*74
!AIVDM,1,1,,B,13aDrj@P?w<tSF0l4Q@>4?wvPl10,0*6F
$GPRMC,163323.00,A,5310.81323,N,00525.70414,E,0.094,274.79,180612,,,A*6E
!AIVDM,1,1,,A,13aI9j8P00PHiuhNKG9P0?v@2@4w,0*78
$GPGBS,163323.00,7.5,5.4,12.2,,,,*75
!AIVDO,1,1,,,B3`hBQh0006=U`WVpBBcgwP5sP06,0*2B
!AIVDM,1,1,,B,13`vB1`P00PHimFNKFpiLwvB2H5C,0*71
$GPRMC,163324.00,A,5310.81335,N,00525.70426,E,0.061,273.61,180612,,,A*6B
!AIVDM,1,1,,B,13aI9LhP00PHJRTNGcIh0?vB2624,0*64
!AIVDM,1,1,,A,13bjGP30000Hq4@NKv2QE@bB0@5U,0*60
$GPGBS,163324.00,7.6,5.4,12.3,,,,*70
!AIVDO,1,1,,,B3`hBQh0006=Ua7VpBFc3wP5sP06,0*1A
!AIVDM,1,1,,A,33aGDjiP000HnHBNKe30Agv@RDmr,0*71
!AIVDM,1,1,,B,13bs66?000PHph2NKrMSAFFD2<3A,0*1B
$GPRMC,163325.00,A,5310.81348,N,00525.70433,E,0.063,272.93,180612,,,A*6A
!AIVDM,1,1,,A,13aFgpgP000Hq8FNL1IdCgvF0<1>,0*5D
$GPGBS,163325.00,7.6,5.5,12.4,,,,*77
!AIVDO,1,1,,,B3`hBQh0006=UaWVpBJbWwP5sP06,0*13
!AIVDM,1,1,,B,33bbCp50000Ho9nNKni=O@vF0EA:,0*5D
$GPRMC,163326.00,A,5310.81353,N,00525.70431,E,0.115,272.16,180612,,,A*6C
!AIVDM,1,1,,B,33aGs90P00PHj;@NK8t;?gvH22WA,0*22
!AIVDM,1,1,,A,13b=DJ0P2GPGn<pNMItClgvH2624,0*1F
$GPGBS,163326.00,7.6,5.5,12.4,,,,*74
!AIVDO,1,1,,,B3`hBQh00@6=UaWVpBNb7wP5sP06,0*07
!AIVDM,1,1,,B,13`ww<0P000HhoJNKDQoc?vF2L0r,0*01
!AIVDM,1,1,,A,13aGE00P000HinjNKI9CA?vH20RV,0*72
!AIVDM,1,1,,A,13aGFROP000HnrJNKkddCgvH0@70,0*24
!AIVDM,1,1,,B,13aetV7P00PH;<lNMOWD6?vH2875,0*75
$GPRMC,163327.00,A,5310.81350,N,00525.70422,E,0.156,271.20,180612,,,A*6D
!AIVDM,1,1,,B,13`j7c0wP1PHiS0NKHK721nJ0D1;,0*25
!AIVDM,1,1,,A,13`va@0P000HpLLNKnrtt?vJ2H7D,0*68
$GPGBS,163327.00,7.7,5.5,12.5,,,,*75
!AIVDO,1,1,,,B3`hBQh00@6=Ua7VpBNaSwP5sP06,0*00
!AIVDM,1,1,,B,13aGra0P00PHid>NK9<2FOvHR624,0*3E
